  [4;36;1mSQL (0.000270)[0m   [0;1m SELECT name
 FROM sqlite_master
 WHERE type = 'table' AND NOT name = 'sqlite_sequence'
[0m
  [4;35;1mSQL (0.000140)[0m   [0mselect sqlite_version(*)[0m
  [4;36;1mSQL (0.008534)[0m   [0;1mCREATE TABLE "schema_migrations" ("version" varchar(255) NOT NULL) [0m
  [4;35;1mSQL (0.002139)[0m   [0mCREATE UNIQUE INDEX "unique_schema_migrations" ON "schema_migrations" ("version")[0m
  [4;36;1mSQL (0.000125)[0m   [0;1m SELECT name
 FROM sqlite_master
 WHERE type = 'table' AND NOT name = 'sqlite_sequence'
[0m
  [4;35;1mSQL (0.000089)[0m   [0mSELECT version FROM schema_migrations[0m
  [4;36;1mSQL (0.000066)[0m   [0;1mSELECT version FROM schema_migrations[0m
Migrating to CreateRestaurantes (20100427224316)
  [4;35;1mSQL (0.000067)[0m   [0mSELECT version FROM schema_migrations[0m
  [4;36;1mSQL (0.001880)[0m   [0;1mCREATE TABLE "restaurantes" ("id" INTEGER PRIMARY KEY AUTOINCREMENT NOT NULL, "nome" varchar(80) DEFAULT NULL NULL, "endereco" varchar(255) DEFAULT NULL NULL, "created_at" datetime DEFAULT NULL NULL, "updated_at" datetime DEFAULT NULL NULL) [0m
  [4;35;1mSQL (0.002017)[0m   [0mINSERT INTO schema_migrations (version) VALUES ('20100427224316')[0m
Migrating to AddEspecialidadeToRestaurante (20100427225121)
  [4;36;1mSQL (0.000176)[0m   [0;1mSELECT version FROM schema_migrations[0m
  [4;36;1mSQL (0.000457)[0m   [0;1m SELECT name
 FROM sqlite_master
 WHERE type = 'table' AND NOT name = 'sqlite_sequence'
[0m
  [4;35;1mSQL (0.000134)[0m   [0mSELECT version FROM schema_migrations[0m
Migrating to CreateRestaurantes (20100427224316)
  [4;36;1mSQL (0.000110)[0m   [0;1mSELECT version FROM schema_migrations[0m
Migrating to AddEspecialidadeToRestaurante (20100427225121)
  [4;35;1mSQL (0.000111)[0m   [0mSELECT version FROM schema_migrations[0m
  [4;36;1mSQL (0.000097)[0m   [0;1mselect sqlite_version(*)[0m
  [4;35;1mSQL (0.003621)[0m   [0mALTER TABLE "restaurantes" ADD "especialidade" varchar(40)[0m
  [4;36;1mSQL (0.007545)[0m   [0;1mVACUUM[0m
  [4;35;1mSQL (0.005421)[0m   [0mINSERT INTO schema_migrations (version) VALUES ('20100427225121')[0m
  [4;36;1mSQL (0.000267)[0m   [0;1mSELECT version FROM schema_migrations[0m
  [4;35;1mSQL (0.000204)[0m   [0m SELECT name
 FROM sqlite_master
 WHERE type = 'table' AND NOT name = 'sqlite_sequence'
[0m
  [4;36;1mSQL (0.000062)[0m   [0;1mPRAGMA index_list("restaurantes")[0m
  [4;36;1mRestaurante Create (0.000577)[0m   [0;1mINSERT INTO "restaurantes" ("endereco", "created_at", "nome", "updated_at", "especialidade") VALUES('', '2010-04-27 23:13:01', 'Mr Pizza', '2010-04-27 23:13:01', 'Pizza')[0m
  [4;35;1mRestaurante Update (0.000244)[0m   [0mUPDATE "restaurantes" SET "updated_at" = '2010-04-27 23:13:49', "especialidade" = 'Massas' WHERE "id" = 1[0m
  [4;36;1mRestaurante Load (0.000340)[0m   [0;1mSELECT * FROM "restaurantes" WHERE ("restaurantes"."id" = 1) [0m
  [4;35;1mRestaurante Destroy (0.000336)[0m   [0m DELETE FROM "restaurantes"
 WHERE "id" = 1
[0m
  [4;36;1mRestaurante Load (0.000173)[0m   [0;1mSELECT * FROM "restaurantes" [0m
  [4;35;1mRestaurante Load (0.000172)[0m   [0mSELECT * FROM "restaurantes" [0m
  [4;36;1mRestaurante Load (0.000171)[0m   [0;1mSELECT * FROM "restaurantes" [0m
  [4;35;1mRestaurante Load (0.000167)[0m   [0mSELECT * FROM "restaurantes" [0m
  [4;36;1mRestaurante Update (0.000231)[0m   [0;1mUPDATE "restaurantes" SET "updated_at" = '2010-04-27 23:16:52' WHERE "id" = 2[0m
  [4;35;1mRestaurante Load (0.000171)[0m   [0mSELECT * FROM "restaurantes" [0m
  [4;36;1mRestaurante Update (0.000227)[0m   [0;1mUPDATE "restaurantes" SET "updated_at" = '2010-04-27 23:17:15' WHERE "id" = NULL[0m
  [4;35;1mRestaurante Load (0.000171)[0m   [0mSELECT * FROM "restaurantes" [0m
  [4;36;1mRestaurante Update (0.000231)[0m   [0;1mUPDATE "restaurantes" SET "updated_at" = '2010-04-27 23:18:59', "nome" = 'bdd' WHERE "id" = NULL[0m
  [4;35;1mRestaurante Delete all (0.000317)[0m   [0mDELETE FROM "restaurantes" WHERE ("id" IN (1)) [0m
  [4;36;1mRestaurante Delete all (0.000309)[0m   [0;1mDELETE FROM "restaurantes" WHERE ("id" IN (1)) [0m
  [4;35;1mRestaurante Load (0.000166)[0m   [0mSELECT * FROM "restaurantes" [0m
  [4;36;1mRestaurante Create (0.000258)[0m   [0;1mINSERT INTO "restaurantes" ("endereco", "created_at", "nome", "updated_at", "especialidade") VALUES('Macae', '2010-04-27 23:32:37', 'Mr Pizza', '2010-04-27 23:32:37', 'Pizza')[0m
  [4;35;1mRestaurante Load (0.000340)[0m   [0mSELECT * FROM "restaurantes" LIMIT 1[0m
  [4;36;1mRestaurante Load (0.000338)[0m   [0;1mSELECT * FROM "restaurantes" WHERE ("restaurantes"."id" = 2) [0m
  [4;35;1mRestaurante Load (0.000185)[0m   [0mSELECT * FROM "restaurantes" WHERE ("restaurantes"."nome" = 'Mr') LIMIT 1[0m
  [4;36;1mRestaurante Load (0.000183)[0m   [0;1mSELECT * FROM "restaurantes" WHERE ("restaurantes"."nome" = 'Mr pizza') LIMIT 1[0m
  [4;35;1mRestaurante Load (0.000336)[0m   [0mSELECT * FROM "restaurantes" WHERE ("restaurantes"."nome" = 'Mr Pizza') LIMIT 1[0m
  [4;36;1mRestaurante Load (0.000000)[0m   [0;1mSQLite3::SQLException: near "%": syntax error: SELECT * FROM "restaurantes" WHERE (nome like %Mr %) [0m
  [4;35;1mRestaurante Load (0.000000)[0m   [0mSQLite3::SQLException: near "%": syntax error: SELECT * FROM "restaurantes" WHERE (nome like %Mr %) [0m
  [4;36;1mRestaurante Load (0.000345)[0m   [0;1mSELECT * FROM "restaurantes" WHERE (nome like '%Mr %') [0m
  [4;35;1mRestaurante Load (0.000000)[0m   [0mSQLite3::SQLException: near "ilike": syntax error: SELECT * FROM "restaurantes" WHERE (nome ilike '%Mr %') [0m
  [4;36;1mRestaurante Load (0.000342)[0m   [0;1mSELECT * FROM "restaurantes" WHERE (nome like '%Mr %') [0m
  [4;35;1mRestaurante Load (0.000000)[0m   [0mSQLite3::SQLException: near "ilike": syntax error: SELECT * FROM "restaurantes" WHERE (nome ilike '%mr %') [0m
  [4;36;1mSQL (0.000288)[0m   [0;1m SELECT name
 FROM sqlite_master
 WHERE type = 'table' AND NOT name = 'sqlite_sequence'
[0m
  [4;35;1mRestaurante Load (0.000186)[0m   [0mSELECT * FROM "restaurantes" WHERE ("restaurantes"."especialidade" = '--- :Pizza
') LIMIT 1[0m
  [4;36;1mRestaurante Create (0.000216)[0m   [0;1mINSERT INTO "restaurantes" ("endereco", "created_at", "nome", "updated_at", "especialidade") VALUES(NULL, '2010-04-27 23:41:39', NULL, '2010-04-27 23:41:39', '--- :Pizza
')[0m
  [4;35;1mRestaurante Load (0.000330)[0m   [0mSELECT * FROM "restaurantes" WHERE ("restaurantes"."especialidade" = '--- :Pizza
') LIMIT 1[0m
  [4;36;1mRestaurante Load (0.000333)[0m   [0;1mSELECT * FROM "restaurantes" WHERE ("restaurantes"."especialidade" = '--- :Pizza
') LIMIT 1[0m
  [4;35;1mRestaurante Load (0.000344)[0m   [0mSELECT * FROM "restaurantes" WHERE ("restaurantes"."especialidade" = 'Pizza') LIMIT 1[0m


Processing ApplicationController#index (for 127.0.0.1 at 2010-04-27 20:50:23) [POST]
  Session ID: 1c2198fbae3a3ae07ec15f906c6e2a78
  Parameters: {"commit"=>"Create", "authenticity_token"=>"1c602cfd77485d3319fb19a1802f46b61b2a9c99", "pessoa"=>{"nome"=>"a", "data_de_nascimento(1i)"=>"2010", "altura"=>"", "data_de_nascimento(2i)"=>"4", "data_de_nascimento(3i)"=>"27"}}


ActionController::RoutingError (No route matches "/pessoas" with {:method=>:post}):
    /vendor/rails/actionpack/lib/action_controller/routing/recognition_optimisation.rb:67:in `recognize_path'
    /vendor/rails/actionpack/lib/action_controller/routing/route_set.rb:384:in `recognize'
    /vendor/rails/actionpack/lib/action_controller/dispatcher.rb:148:in `handle_request'
    /vendor/rails/actionpack/lib/action_controller/dispatcher.rb:107:in `dispatch'
    /vendor/rails/actionpack/lib/action_controller/dispatcher.rb:104:in `synchronize'
    /vendor/rails/actionpack/lib/action_controller/dispatcher.rb:104:in `dispatch'
    /vendor/rails/actionpack/lib/action_controller/dispatcher.rb:120:in `dispatch_cgi'
    /vendor/rails/actionpack/lib/action_controller/dispatcher.rb:35:in `dispatch'
    /vendor/rails/railties/lib/webrick_server.rb:112:in `handle_dispatch'
    /vendor/rails/railties/lib/webrick_server.rb:78:in `service'
    /usr/lib/ruby/1.8/webrick/httpserver.rb:104:in `service'
    /usr/lib/ruby/1.8/webrick/httpserver.rb:65:in `run'
    /usr/lib/ruby/1.8/webrick/server.rb:173:in `start_thread'
    /usr/lib/ruby/1.8/webrick/server.rb:162:in `start'
    /usr/lib/ruby/1.8/webrick/server.rb:162:in `start_thread'
    /usr/lib/ruby/1.8/webrick/server.rb:95:in `start'
    /usr/lib/ruby/1.8/webrick/server.rb:92:in `each'
    /usr/lib/ruby/1.8/webrick/server.rb:92:in `start'
    /usr/lib/ruby/1.8/webrick/server.rb:23:in `start'
    /usr/lib/ruby/1.8/webrick/server.rb:82:in `start'
    /vendor/rails/railties/lib/webrick_server.rb:62:in `dispatch'
    /vendor/rails/railties/lib/commands/servers/webrick.rb:66
    /usr/lib/ruby/1.8/rubygems/custom_require.rb:31:in `gem_original_require'
    /usr/lib/ruby/1.8/rubygems/custom_require.rb:31:in `require'
    /vendor/rails/activesupport/lib/active_support/dependencies.rb:509:in `require'
    /vendor/rails/activesupport/lib/active_support/dependencies.rb:354:in `new_constants_in'
    /vendor/rails/activesupport/lib/active_support/dependencies.rb:509:in `require'
    /vendor/rails/railties/lib/commands/server.rb:39
    /usr/lib/ruby/1.8/rubygems/custom_require.rb:31:in `gem_original_require'
    /usr/lib/ruby/1.8/rubygems/custom_require.rb:31:in `require'
    script/server:3

Rendering /home/samuel/Desktop/restaurante/vendor/rails/actionpack/lib/action_controller/templates/rescues/layout.erb (not_found)


Processing ApplicationController#index (for 127.0.0.1 at 2010-04-27 20:50:31) [GET]
  Session ID: BAh7BiIKZmxhc2hJQzonQWN0aW9uQ29udHJvbGxlcjo6Rmxhc2g6OkZsYXNo
SGFzaHsABjoKQHVzZWR7AA==--a3addd190a16fb18d9689029eeba4c03fca11bd6
  Parameters: {}


ActionController::RoutingError (No route matches "/restaurante" with {:method=>:get}):
    /vendor/rails/actionpack/lib/action_controller/routing/recognition_optimisation.rb:67:in `recognize_path'
    /vendor/rails/actionpack/lib/action_controller/routing/route_set.rb:384:in `recognize'
    /vendor/rails/actionpack/lib/action_controller/dispatcher.rb:148:in `handle_request'
    /vendor/rails/actionpack/lib/action_controller/dispatcher.rb:107:in `dispatch'
    /vendor/rails/actionpack/lib/action_controller/dispatcher.rb:104:in `synchronize'
    /vendor/rails/actionpack/lib/action_controller/dispatcher.rb:104:in `dispatch'
    /vendor/rails/actionpack/lib/action_controller/dispatcher.rb:120:in `dispatch_cgi'
    /vendor/rails/actionpack/lib/action_controller/dispatcher.rb:35:in `dispatch'
    /vendor/rails/railties/lib/webrick_server.rb:112:in `handle_dispatch'
    /vendor/rails/railties/lib/webrick_server.rb:78:in `service'
    /usr/lib/ruby/1.8/webrick/httpserver.rb:104:in `service'
    /usr/lib/ruby/1.8/webrick/httpserver.rb:65:in `run'
    /usr/lib/ruby/1.8/webrick/server.rb:173:in `start_thread'
    /usr/lib/ruby/1.8/webrick/server.rb:162:in `start'
    /usr/lib/ruby/1.8/webrick/server.rb:162:in `start_thread'
    /usr/lib/ruby/1.8/webrick/server.rb:95:in `start'
    /usr/lib/ruby/1.8/webrick/server.rb:92:in `each'
    /usr/lib/ruby/1.8/webrick/server.rb:92:in `start'
    /usr/lib/ruby/1.8/webrick/server.rb:23:in `start'
    /usr/lib/ruby/1.8/webrick/server.rb:82:in `start'
    /vendor/rails/railties/lib/webrick_server.rb:62:in `dispatch'
    /vendor/rails/railties/lib/commands/servers/webrick.rb:66
    /usr/lib/ruby/1.8/rubygems/custom_require.rb:31:in `gem_original_require'
    /usr/lib/ruby/1.8/rubygems/custom_require.rb:31:in `require'
    /vendor/rails/activesupport/lib/active_support/dependencies.rb:509:in `require'
    /vendor/rails/activesupport/lib/active_support/dependencies.rb:354:in `new_constants_in'
    /vendor/rails/activesupport/lib/active_support/dependencies.rb:509:in `require'
    /vendor/rails/railties/lib/commands/server.rb:39
    /usr/lib/ruby/1.8/rubygems/custom_require.rb:31:in `gem_original_require'
    /usr/lib/ruby/1.8/rubygems/custom_require.rb:31:in `require'
    script/server:3

Rendering /home/samuel/Desktop/restaurante/vendor/rails/actionpack/lib/action_controller/templates/rescues/layout.erb (not_found)


Processing ApplicationController#index (for 127.0.0.1 at 2010-04-27 20:50:34) [GET]
  Session ID: BAh7BiIKZmxhc2hJQzonQWN0aW9uQ29udHJvbGxlcjo6Rmxhc2g6OkZsYXNo
SGFzaHsABjoKQHVzZWR7AA==--a3addd190a16fb18d9689029eeba4c03fca11bd6
  Parameters: {}


ActionController::RoutingError (No route matches "/restaurantes" with {:method=>:get}):
    /vendor/rails/actionpack/lib/action_controller/routing/recognition_optimisation.rb:67:in `recognize_path'
    /vendor/rails/actionpack/lib/action_controller/routing/route_set.rb:384:in `recognize'
    /vendor/rails/actionpack/lib/action_controller/dispatcher.rb:148:in `handle_request'
    /vendor/rails/actionpack/lib/action_controller/dispatcher.rb:107:in `dispatch'
    /vendor/rails/actionpack/lib/action_controller/dispatcher.rb:104:in `synchronize'
    /vendor/rails/actionpack/lib/action_controller/dispatcher.rb:104:in `dispatch'
    /vendor/rails/actionpack/lib/action_controller/dispatcher.rb:120:in `dispatch_cgi'
    /vendor/rails/actionpack/lib/action_controller/dispatcher.rb:35:in `dispatch'
    /vendor/rails/railties/lib/webrick_server.rb:112:in `handle_dispatch'
    /vendor/rails/railties/lib/webrick_server.rb:78:in `service'
    /usr/lib/ruby/1.8/webrick/httpserver.rb:104:in `service'
    /usr/lib/ruby/1.8/webrick/httpserver.rb:65:in `run'
    /usr/lib/ruby/1.8/webrick/server.rb:173:in `start_thread'
    /usr/lib/ruby/1.8/webrick/server.rb:162:in `start'
    /usr/lib/ruby/1.8/webrick/server.rb:162:in `start_thread'
    /usr/lib/ruby/1.8/webrick/server.rb:95:in `start'
    /usr/lib/ruby/1.8/webrick/server.rb:92:in `each'
    /usr/lib/ruby/1.8/webrick/server.rb:92:in `start'
    /usr/lib/ruby/1.8/webrick/server.rb:23:in `start'
    /usr/lib/ruby/1.8/webrick/server.rb:82:in `start'
    /vendor/rails/railties/lib/webrick_server.rb:62:in `dispatch'
    /vendor/rails/railties/lib/commands/servers/webrick.rb:66
    /usr/lib/ruby/1.8/rubygems/custom_require.rb:31:in `gem_original_require'
    /usr/lib/ruby/1.8/rubygems/custom_require.rb:31:in `require'
    /vendor/rails/activesupport/lib/active_support/dependencies.rb:509:in `require'
    /vendor/rails/activesupport/lib/active_support/dependencies.rb:354:in `new_constants_in'
    /vendor/rails/activesupport/lib/active_support/dependencies.rb:509:in `require'
    /vendor/rails/railties/lib/commands/server.rb:39
    /usr/lib/ruby/1.8/rubygems/custom_require.rb:31:in `gem_original_require'
    /usr/lib/ruby/1.8/rubygems/custom_require.rb:31:in `require'
    script/server:3

Rendering /home/samuel/Desktop/restaurante/vendor/rails/actionpack/lib/action_controller/templates/rescues/layout.erb (not_found)


Processing ApplicationController#index (for 127.0.0.1 at 2010-04-27 20:52:01) [GET]
  Session ID: BAh7BiIKZmxhc2hJQzonQWN0aW9uQ29udHJvbGxlcjo6Rmxhc2g6OkZsYXNo
SGFzaHsABjoKQHVzZWR7AA==--a3addd190a16fb18d9689029eeba4c03fca11bd6
  Parameters: {}


ActionController::RoutingError (No route matches "/restaurantes" with {:method=>:get}):
    /vendor/rails/actionpack/lib/action_controller/routing/recognition_optimisation.rb:67:in `recognize_path'
    /vendor/rails/actionpack/lib/action_controller/routing/route_set.rb:384:in `recognize'
    /vendor/rails/actionpack/lib/action_controller/dispatcher.rb:148:in `handle_request'
    /vendor/rails/actionpack/lib/action_controller/dispatcher.rb:107:in `dispatch'
    /vendor/rails/actionpack/lib/action_controller/dispatcher.rb:104:in `synchronize'
    /vendor/rails/actionpack/lib/action_controller/dispatcher.rb:104:in `dispatch'
    /vendor/rails/actionpack/lib/action_controller/dispatcher.rb:120:in `dispatch_cgi'
    /vendor/rails/actionpack/lib/action_controller/dispatcher.rb:35:in `dispatch'
    /vendor/rails/railties/lib/webrick_server.rb:112:in `handle_dispatch'
    /vendor/rails/railties/lib/webrick_server.rb:78:in `service'
    /usr/lib/ruby/1.8/webrick/httpserver.rb:104:in `service'
    /usr/lib/ruby/1.8/webrick/httpserver.rb:65:in `run'
    /usr/lib/ruby/1.8/webrick/server.rb:173:in `start_thread'
    /usr/lib/ruby/1.8/webrick/server.rb:162:in `start'
    /usr/lib/ruby/1.8/webrick/server.rb:162:in `start_thread'
    /usr/lib/ruby/1.8/webrick/server.rb:95:in `start'
    /usr/lib/ruby/1.8/webrick/server.rb:92:in `each'
    /usr/lib/ruby/1.8/webrick/server.rb:92:in `start'
    /usr/lib/ruby/1.8/webrick/server.rb:23:in `start'
    /usr/lib/ruby/1.8/webrick/server.rb:82:in `start'
    /vendor/rails/railties/lib/webrick_server.rb:62:in `dispatch'
    /vendor/rails/railties/lib/commands/servers/webrick.rb:66
    /usr/lib/ruby/1.8/rubygems/custom_require.rb:31:in `gem_original_require'
    /usr/lib/ruby/1.8/rubygems/custom_require.rb:31:in `require'
    /vendor/rails/activesupport/lib/active_support/dependencies.rb:509:in `require'
    /vendor/rails/activesupport/lib/active_support/dependencies.rb:354:in `new_constants_in'
    /vendor/rails/activesupport/lib/active_support/dependencies.rb:509:in `require'
    /vendor/rails/railties/lib/commands/server.rb:39
    /usr/lib/ruby/1.8/rubygems/custom_require.rb:31:in `gem_original_require'
    /usr/lib/ruby/1.8/rubygems/custom_require.rb:31:in `require'
    script/server:3

Rendering /home/samuel/Desktop/restaurante/vendor/rails/actionpack/lib/action_controller/templates/rescues/layout.erb (not_found)


Processing ApplicationController#index (for 127.0.0.1 at 2010-04-27 20:52:03) [GET]
  Session ID: BAh7BiIKZmxhc2hJQzonQWN0aW9uQ29udHJvbGxlcjo6Rmxhc2g6OkZsYXNo
SGFzaHsABjoKQHVzZWR7AA==--a3addd190a16fb18d9689029eeba4c03fca11bd6
  Parameters: {}


ActionController::RoutingError (No route matches "/restaurantes" with {:method=>:get}):
    /vendor/rails/actionpack/lib/action_controller/routing/recognition_optimisation.rb:67:in `recognize_path'
    /vendor/rails/actionpack/lib/action_controller/routing/route_set.rb:384:in `recognize'
    /vendor/rails/actionpack/lib/action_controller/dispatcher.rb:148:in `handle_request'
    /vendor/rails/actionpack/lib/action_controller/dispatcher.rb:107:in `dispatch'
    /vendor/rails/actionpack/lib/action_controller/dispatcher.rb:104:in `synchronize'
    /vendor/rails/actionpack/lib/action_controller/dispatcher.rb:104:in `dispatch'
    /vendor/rails/actionpack/lib/action_controller/dispatcher.rb:120:in `dispatch_cgi'
    /vendor/rails/actionpack/lib/action_controller/dispatcher.rb:35:in `dispatch'
    /vendor/rails/railties/lib/webrick_server.rb:112:in `handle_dispatch'
    /vendor/rails/railties/lib/webrick_server.rb:78:in `service'
    /usr/lib/ruby/1.8/webrick/httpserver.rb:104:in `service'
    /usr/lib/ruby/1.8/webrick/httpserver.rb:65:in `run'
    /usr/lib/ruby/1.8/webrick/server.rb:173:in `start_thread'
    /usr/lib/ruby/1.8/webrick/server.rb:162:in `start'
    /usr/lib/ruby/1.8/webrick/server.rb:162:in `start_thread'
    /usr/lib/ruby/1.8/webrick/server.rb:95:in `start'
    /usr/lib/ruby/1.8/webrick/server.rb:92:in `each'
    /usr/lib/ruby/1.8/webrick/server.rb:92:in `start'
    /usr/lib/ruby/1.8/webrick/server.rb:23:in `start'
    /usr/lib/ruby/1.8/webrick/server.rb:82:in `start'
    /vendor/rails/railties/lib/webrick_server.rb:62:in `dispatch'
    /vendor/rails/railties/lib/commands/servers/webrick.rb:66
    /usr/lib/ruby/1.8/rubygems/custom_require.rb:31:in `gem_original_require'
    /usr/lib/ruby/1.8/rubygems/custom_require.rb:31:in `require'
    /vendor/rails/activesupport/lib/active_support/dependencies.rb:509:in `require'
    /vendor/rails/activesupport/lib/active_support/dependencies.rb:354:in `new_constants_in'
    /vendor/rails/activesupport/lib/active_support/dependencies.rb:509:in `require'
    /vendor/rails/railties/lib/commands/server.rb:39
    /usr/lib/ruby/1.8/rubygems/custom_require.rb:31:in `gem_original_require'
    /usr/lib/ruby/1.8/rubygems/custom_require.rb:31:in `require'
    script/server:3

Rendering /home/samuel/Desktop/restaurante/vendor/rails/actionpack/lib/action_controller/templates/rescues/layout.erb (not_found)


Processing ApplicationController#show (for 127.0.0.1 at 2010-04-27 20:52:21) [GET]
  Session ID: BAh7BiIKZmxhc2hJQzonQWN0aW9uQ29udHJvbGxlcjo6Rmxhc2g6OkZsYXNo
SGFzaHsABjoKQHVzZWR7AA==--a3addd190a16fb18d9689029eeba4c03fca11bd6
  Parameters: {"action"=>"show", "controller"=>"restaurantes"}


NameError (uninitialized constant RestaurantesController):
    /vendor/rails/activesupport/lib/active_support/dependencies.rb:278:in `load_missing_constant'
    /vendor/rails/activesupport/lib/active_support/dependencies.rb:467:in `const_missing'
    /vendor/rails/activesupport/lib/active_support/dependencies.rb:479:in `const_missing'
    /vendor/rails/activesupport/lib/active_support/inflector.rb:283:in `constantize'
    /vendor/rails/activesupport/lib/active_support/core_ext/string/inflections.rb:143:in `constantize'
    /vendor/rails/actionpack/lib/action_controller/routing/route_set.rb:386:in `recognize'
    /vendor/rails/actionpack/lib/action_controller/dispatcher.rb:148:in `handle_request'
    /vendor/rails/actionpack/lib/action_controller/dispatcher.rb:107:in `dispatch'
    /vendor/rails/actionpack/lib/action_controller/dispatcher.rb:104:in `synchronize'
    /vendor/rails/actionpack/lib/action_controller/dispatcher.rb:104:in `dispatch'
    /vendor/rails/actionpack/lib/action_controller/dispatcher.rb:120:in `dispatch_cgi'
    /vendor/rails/actionpack/lib/action_controller/dispatcher.rb:35:in `dispatch'
    /vendor/rails/railties/lib/webrick_server.rb:112:in `handle_dispatch'
    /vendor/rails/railties/lib/webrick_server.rb:78:in `service'
    /usr/lib/ruby/1.8/webrick/httpserver.rb:104:in `service'
    /usr/lib/ruby/1.8/webrick/httpserver.rb:65:in `run'
    /usr/lib/ruby/1.8/webrick/server.rb:173:in `start_thread'
    /usr/lib/ruby/1.8/webrick/server.rb:162:in `start'
    /usr/lib/ruby/1.8/webrick/server.rb:162:in `start_thread'
    /usr/lib/ruby/1.8/webrick/server.rb:95:in `start'
    /usr/lib/ruby/1.8/webrick/server.rb:92:in `each'
    /usr/lib/ruby/1.8/webrick/server.rb:92:in `start'
    /usr/lib/ruby/1.8/webrick/server.rb:23:in `start'
    /usr/lib/ruby/1.8/webrick/server.rb:82:in `start'
    /vendor/rails/railties/lib/webrick_server.rb:62:in `dispatch'
    /vendor/rails/railties/lib/commands/servers/webrick.rb:66
    /usr/lib/ruby/1.8/rubygems/custom_require.rb:31:in `gem_original_require'
    /usr/lib/ruby/1.8/rubygems/custom_require.rb:31:in `require'
    /vendor/rails/activesupport/lib/active_support/dependencies.rb:509:in `require'
    /vendor/rails/activesupport/lib/active_support/dependencies.rb:354:in `new_constants_in'
    /vendor/rails/activesupport/lib/active_support/dependencies.rb:509:in `require'
    /vendor/rails/railties/lib/commands/server.rb:39
    /usr/lib/ruby/1.8/rubygems/custom_require.rb:31:in `gem_original_require'
    /usr/lib/ruby/1.8/rubygems/custom_require.rb:31:in `require'
    script/server:3

Rendering /home/samuel/Desktop/restaurante/vendor/rails/actionpack/lib/action_controller/templates/rescues/layout.erb (internal_server_error)


Processing ApplicationController#show (for 127.0.0.1 at 2010-05-18 13:53:22) [GET]
  Session ID: 48a0a263f0fe9520bcf45446e4074fdf
  Parameters: {"action"=>"show", "controller"=>"restaurantes"}


NameError (uninitialized constant RestaurantesController):
    /vendor/rails/activesupport/lib/active_support/dependencies.rb:278:in `load_missing_constant'
    /vendor/rails/activesupport/lib/active_support/dependencies.rb:467:in `const_missing'
    /vendor/rails/activesupport/lib/active_support/dependencies.rb:479:in `const_missing'
    /vendor/rails/activesupport/lib/active_support/inflector.rb:283:in `constantize'
    /vendor/rails/activesupport/lib/active_support/core_ext/string/inflections.rb:143:in `constantize'
    /vendor/rails/actionpack/lib/action_controller/routing/route_set.rb:386:in `recognize'
    /vendor/rails/actionpack/lib/action_controller/dispatcher.rb:148:in `handle_request'
    /vendor/rails/actionpack/lib/action_controller/dispatcher.rb:107:in `dispatch'
    /vendor/rails/actionpack/lib/action_controller/dispatcher.rb:104:in `synchronize'
    /vendor/rails/actionpack/lib/action_controller/dispatcher.rb:104:in `dispatch'
    /vendor/rails/actionpack/lib/action_controller/dispatcher.rb:120:in `dispatch_cgi'
    /vendor/rails/actionpack/lib/action_controller/dispatcher.rb:35:in `dispatch'
    /vendor/rails/railties/lib/webrick_server.rb:112:in `handle_dispatch'
    /vendor/rails/railties/lib/webrick_server.rb:78:in `service'
    /usr/lib/ruby/1.8/webrick/httpserver.rb:104:in `service'
    /usr/lib/ruby/1.8/webrick/httpserver.rb:65:in `run'
    /usr/lib/ruby/1.8/webrick/server.rb:173:in `start_thread'
    /usr/lib/ruby/1.8/webrick/server.rb:162:in `start'
    /usr/lib/ruby/1.8/webrick/server.rb:162:in `start_thread'
    /usr/lib/ruby/1.8/webrick/server.rb:95:in `start'
    /usr/lib/ruby/1.8/webrick/server.rb:92:in `each'
    /usr/lib/ruby/1.8/webrick/server.rb:92:in `start'
    /usr/lib/ruby/1.8/webrick/server.rb:23:in `start'
    /usr/lib/ruby/1.8/webrick/server.rb:82:in `start'
    /vendor/rails/railties/lib/webrick_server.rb:62:in `dispatch'
    /vendor/rails/railties/lib/commands/servers/webrick.rb:66
    /usr/lib/ruby/1.8/rubygems/custom_require.rb:31:in `gem_original_require'
    /usr/lib/ruby/1.8/rubygems/custom_require.rb:31:in `require'
    /vendor/rails/activesupport/lib/active_support/dependencies.rb:509:in `require'
    /vendor/rails/activesupport/lib/active_support/dependencies.rb:354:in `new_constants_in'
    /vendor/rails/activesupport/lib/active_support/dependencies.rb:509:in `require'
    /vendor/rails/railties/lib/commands/server.rb:39
    /usr/lib/ruby/1.8/rubygems/custom_require.rb:31:in `gem_original_require'
    /usr/lib/ruby/1.8/rubygems/custom_require.rb:31:in `require'
    script/server:3

Rendering /home/samuel/Workspace/ruby/rails/restaurante/vendor/rails/actionpack/lib/action_controller/templates/rescues/layout.erb (internal_server_error)
  [4;36;1mSQL (0.000461)[0m   [0;1m SELECT name
 FROM sqlite_master
 WHERE type = 'table' AND NOT name = 'sqlite_sequence'
[0m
  [4;35;1mSQL (0.000192)[0m   [0mSELECT version FROM schema_migrations[0m
  [4;36;1mSQL (0.000136)[0m   [0;1mSELECT version FROM schema_migrations[0m
Migrating to CreateRestaurantes (20100427224316)
  [4;35;1mSQL (0.000137)[0m   [0mSELECT version FROM schema_migrations[0m
Migrating to AddEspecialidadeToRestaurante (20100427225121)
  [4;36;1mSQL (0.000134)[0m   [0;1mSELECT version FROM schema_migrations[0m
Migrating to CreateClientes (20100428000032)
  [4;35;1mSQL (0.000133)[0m   [0mSELECT version FROM schema_migrations[0m
  [4;36;1mSQL (0.000104)[0m   [0;1mselect sqlite_version(*)[0m
  [4;35;1mSQL (0.021187)[0m   [0mCREATE TABLE "clientes" ("id" INTEGER PRIMARY KEY AUTOINCREMENT NOT NULL, "nome" varchar(80) DEFAULT NULL NULL, "idade" integer DEFAULT NULL NULL, "created_at" datetime DEFAULT NULL NULL, "updated_at" datetime DEFAULT NULL NULL) [0m
  [4;36;1mSQL (0.001364)[0m   [0;1mINSERT INTO schema_migrations (version) VALUES ('20100428000032')[0m
Migrating to CreatePratos (20100428000159)
  [4;35;1mSQL (0.000186)[0m   [0mSELECT version FROM schema_migrations[0m
  [4;36;1mSQL (0.001747)[0m   [0;1mCREATE TABLE "pratos" ("id" INTEGER PRIMARY KEY AUTOINCREMENT NOT NULL, "nome" varchar(80) DEFAULT NULL NULL, "created_at" datetime DEFAULT NULL NULL, "updated_at" datetime DEFAULT NULL NULL) [0m
  [4;35;1mSQL (0.002996)[0m   [0mINSERT INTO schema_migrations (version) VALUES ('20100428000159')[0m
Migrating to CreateReceitas (20100428000251)
  [4;36;1mSQL (0.000265)[0m   [0;1mSELECT version FROM schema_migrations[0m
  [4;35;1mSQL (0.001690)[0m   [0mCREATE TABLE "receitas" ("id" INTEGER PRIMARY KEY AUTOINCREMENT NOT NULL, "conteudo" text DEFAULT NULL NULL, "created_at" datetime DEFAULT NULL NULL, "updated_at" datetime DEFAULT NULL NULL) [0m
  [4;36;1mSQL (0.001218)[0m   [0;1mINSERT INTO schema_migrations (version) VALUES ('20100428000251')[0m
Migrating to CreateQualificacoes (20100518223603)
  [4;35;1mSQL (0.000386)[0m   [0mSELECT version FROM schema_migrations[0m
  [4;36;1mSQL (0.004359)[0m   [0;1mCREATE TABLE "qualificacoes" ("id" INTEGER PRIMARY KEY AUTOINCREMENT NOT NULL, "cliente_id" integer DEFAULT NULL NULL, "restaurante_id" integer DEFAULT NULL NULL, "nota" float DEFAULT NULL NULL, "valor_gasto" float DEFAULT NULL NULL, "created_at" datetime DEFAULT NULL NULL, "updated_at" datetime DEFAULT NULL NULL) [0m
  [4;35;1mSQL (0.001205)[0m   [0mINSERT INTO schema_migrations (version) VALUES ('20100518223603')[0m
  [4;36;1mSQL (0.000360)[0m   [0;1mSELECT version FROM schema_migrations[0m
  [4;35;1mSQL (0.000352)[0m   [0m SELECT name
 FROM sqlite_master
 WHERE type = 'table' AND NOT name = 'sqlite_sequence'
[0m
  [4;36;1mSQL (0.000063)[0m   [0;1mPRAGMA index_list("clientes")[0m
  [4;35;1mSQL (0.000060)[0m   [0mPRAGMA index_list("pratos")[0m
  [4;36;1mSQL (0.000060)[0m   [0;1mPRAGMA index_list("qualificacoes")[0m
  [4;35;1mSQL (0.000059)[0m   [0mPRAGMA index_list("receitas")[0m
  [4;36;1mSQL (0.000060)[0m   [0;1mPRAGMA index_list("restaurantes")[0m
  [4;36;1mSQL (0.000659)[0m   [0;1m SELECT name
 FROM sqlite_master
 WHERE type = 'table' AND NOT name = 'sqlite_sequence'
[0m
  [4;35;1mSQL (0.000311)[0m   [0mSELECT version FROM schema_migrations[0m
  [4;36;1mSQL (0.000240)[0m   [0;1mSELECT version FROM schema_migrations[0m
  [4;35;1mSQL (0.000238)[0m   [0mSELECT version FROM schema_migrations[0m
  [4;36;1mSQL (0.000240)[0m   [0;1mSELECT version FROM schema_migrations[0m
  [4;35;1mSQL (0.000238)[0m   [0mSELECT version FROM schema_migrations[0m
  [4;36;1mSQL (0.000242)[0m   [0;1mSELECT version FROM schema_migrations[0m
Migrating to CreateRestaurantes (20100427224316)
  [4;35;1mSQL (0.000239)[0m   [0mSELECT version FROM schema_migrations[0m
Migrating to AddEspecialidadeToRestaurante (20100427225121)
  [4;36;1mSQL (0.000245)[0m   [0;1mSELECT version FROM schema_migrations[0m
Migrating to CreateClientes (20100428000032)
  [4;35;1mSQL (0.000243)[0m   [0mSELECT version FROM schema_migrations[0m
Migrating to CreatePratos (20100428000159)
  [4;36;1mSQL (0.000250)[0m   [0;1mSELECT version FROM schema_migrations[0m
Migrating to CreateReceitas (20100428000251)
  [4;35;1mSQL (0.000243)[0m   [0mSELECT version FROM schema_migrations[0m
Migrating to CreateQualificacoes (20100518223603)
  [4;36;1mSQL (0.000237)[0m   [0;1mSELECT version FROM schema_migrations[0m
Migrating to CreatePratosRestaurantesJoinTable (20100518232525)
  [4;35;1mSQL (0.000238)[0m   [0mSELECT version FROM schema_migrations[0m
  [4;36;1mSQL (0.000097)[0m   [0;1mselect sqlite_version(*)[0m
  [4;35;1mSQL (0.003969)[0m   [0mCREATE TABLE "pratos_restaurantes" ("id" INTEGER PRIMARY KEY AUTOINCREMENT NOT NULL, "prato_id" integer DEFAULT NULL NULL, "restaurante_id" integer DEFAULT NULL NULL) [0m
  [4;36;1mSQL (0.011278)[0m   [0;1mINSERT INTO schema_migrations (version) VALUES ('20100518232525')[0m
  [4;35;1mSQL (0.000438)[0m   [0mSELECT version FROM schema_migrations[0m
  [4;36;1mSQL (0.000388)[0m   [0;1m SELECT name
 FROM sqlite_master
 WHERE type = 'table' AND NOT name = 'sqlite_sequence'
[0m
  [4;35;1mSQL (0.000065)[0m   [0mPRAGMA index_list("clientes")[0m
  [4;36;1mSQL (0.000059)[0m   [0;1mPRAGMA index_list("pratos")[0m
  [4;35;1mSQL (0.000059)[0m   [0mPRAGMA index_list("pratos_restaurantes")[0m
  [4;36;1mSQL (0.000060)[0m   [0;1mPRAGMA index_list("qualificacoes")[0m
  [4;35;1mSQL (0.000064)[0m   [0mPRAGMA index_list("receitas")[0m
  [4;36;1mSQL (0.000062)[0m   [0;1mPRAGMA index_list("restaurantes")[0m


Processing RestaurantesController#show (for 127.0.0.1 at 2010-06-08 19:03:53) [GET]
  Session ID: 32bd67574ed4faf1fb2ba43072b54f52
  Parameters: {"action"=>"show", "controller"=>"restaurantes"}
  [4;36;1mSQL (0.000910)[0m   [0;1m SELECT name
 FROM sqlite_master
 WHERE type = 'table' AND NOT name = 'sqlite_sequence'
[0m
  [4;35;1mSQL (0.000400)[0m   [0m SELECT name
 FROM sqlite_master
 WHERE type = 'table' AND NOT name = 'sqlite_sequence'
[0m


NoMethodError (undefined method `has_many_and_belongs_to' for #<Class:0xb6d2e57c>):
    /vendor/rails/activerecord/lib/active_record/base.rb:1667:in `method_missing'
    /app/models/restaurante.rb:3
    /vendor/rails/activesupport/lib/active_support/dependencies.rb:215:in `load_without_new_constant_marking'
    /vendor/rails/activesupport/lib/active_support/dependencies.rb:215:in `load_file'
    /vendor/rails/activesupport/lib/active_support/dependencies.rb:354:in `new_constants_in'
    /vendor/rails/activesupport/lib/active_support/dependencies.rb:214:in `load_file'
    /vendor/rails/activesupport/lib/active_support/dependencies.rb:95:in `require_or_load'
    /vendor/rails/activesupport/lib/active_support/dependencies.rb:260:in `load_missing_constant'
    /vendor/rails/activesupport/lib/active_support/dependencies.rb:467:in `const_missing'
    /vendor/rails/activesupport/lib/active_support/dependencies.rb:479:in `const_missing'
    /vendor/rails/activesupport/lib/active_support/dependencies.rb:485:in `send'
    /vendor/rails/activesupport/lib/active_support/dependencies.rb:485:in `const_missing'
    /app/controllers/restaurantes_controller.rb:6:in `show'
    /vendor/rails/actionpack/lib/action_controller/base.rb:1162:in `send'
    /vendor/rails/actionpack/lib/action_controller/base.rb:1162:in `perform_action_without_filters'
    /vendor/rails/actionpack/lib/action_controller/filters.rb:580:in `call_filters'
    /vendor/rails/actionpack/lib/action_controller/filters.rb:573:in `perform_action_without_benchmark'
    /vendor/rails/actionpack/lib/action_controller/benchmarking.rb:68:in `perform_action_without_rescue'
    /usr/lib/ruby/1.8/benchmark.rb:293:in `measure'
    /vendor/rails/actionpack/lib/action_controller/benchmarking.rb:68:in `perform_action_without_rescue'
    /vendor/rails/actionpack/lib/action_controller/rescue.rb:201:in `perform_action_without_caching'
    /vendor/rails/actionpack/lib/action_controller/caching/sql_cache.rb:13:in `perform_action'
    /vendor/rails/activerecord/lib/active_record/connection_adapters/abstract/query_cache.rb:33:in `cache'
    /vendor/rails/activerecord/lib/active_record/query_cache.rb:8:in `cache'
    /vendor/rails/actionpack/lib/action_controller/caching/sql_cache.rb:12:in `perform_action'
    /vendor/rails/actionpack/lib/action_controller/base.rb:529:in `send'
    /vendor/rails/actionpack/lib/action_controller/base.rb:529:in `process_without_filters'
    /vendor/rails/actionpack/lib/action_controller/filters.rb:569:in `process_without_session_management_support'
    /vendor/rails/actionpack/lib/action_controller/session_management.rb:130:in `process'
    /vendor/rails/actionpack/lib/action_controller/base.rb:389:in `process'
    /vendor/rails/actionpack/lib/action_controller/dispatcher.rb:149:in `handle_request'
    /vendor/rails/actionpack/lib/action_controller/dispatcher.rb:107:in `dispatch'
    /vendor/rails/actionpack/lib/action_controller/dispatcher.rb:104:in `synchronize'
    /vendor/rails/actionpack/lib/action_controller/dispatcher.rb:104:in `dispatch'
    /vendor/rails/actionpack/lib/action_controller/dispatcher.rb:120:in `dispatch_cgi'
    /vendor/rails/actionpack/lib/action_controller/dispatcher.rb:35:in `dispatch'
    /vendor/rails/railties/lib/webrick_server.rb:112:in `handle_dispatch'
    /vendor/rails/railties/lib/webrick_server.rb:78:in `service'
    /usr/lib/ruby/1.8/webrick/httpserver.rb:104:in `service'
    /usr/lib/ruby/1.8/webrick/httpserver.rb:65:in `run'
    /usr/lib/ruby/1.8/webrick/server.rb:173:in `start_thread'
    /usr/lib/ruby/1.8/webrick/server.rb:162:in `start'
    /usr/lib/ruby/1.8/webrick/server.rb:162:in `start_thread'
    /usr/lib/ruby/1.8/webrick/server.rb:95:in `start'
    /usr/lib/ruby/1.8/webrick/server.rb:92:in `each'
    /usr/lib/ruby/1.8/webrick/server.rb:92:in `start'
    /usr/lib/ruby/1.8/webrick/server.rb:23:in `start'
    /usr/lib/ruby/1.8/webrick/server.rb:82:in `start'
    /vendor/rails/railties/lib/webrick_server.rb:62:in `dispatch'
    /vendor/rails/railties/lib/commands/servers/webrick.rb:66
    /usr/lib/ruby/1.8/rubygems/custom_require.rb:31:in `gem_original_require'
    /usr/lib/ruby/1.8/rubygems/custom_require.rb:31:in `require'
    /vendor/rails/activesupport/lib/active_support/dependencies.rb:509:in `require'
    /vendor/rails/activesupport/lib/active_support/dependencies.rb:354:in `new_constants_in'
    /vendor/rails/activesupport/lib/active_support/dependencies.rb:509:in `require'
    /vendor/rails/railties/lib/commands/server.rb:39
    /usr/lib/ruby/1.8/rubygems/custom_require.rb:31:in `gem_original_require'
    /usr/lib/ruby/1.8/rubygems/custom_require.rb:31:in `require'
    script/server:3

Rendering /home/samuel/Workspace/ruby/rails/restaurante/vendor/rails/actionpack/lib/action_controller/templates/rescues/layout.erb (internal_server_error)


Processing RestaurantesController#show (for 127.0.0.1 at 2010-06-09 00:48:44) [GET]
  Session ID: d69fd934f509206ee795a53e69b8bee5
  Parameters: {"action"=>"show", "controller"=>"restaurantes"}
  [4;36;1mSQL (0.000876)[0m   [0;1m SELECT name
 FROM sqlite_master
 WHERE type = 'table' AND NOT name = 'sqlite_sequence'
[0m
  [4;35;1mSQL (0.000385)[0m   [0m SELECT name
 FROM sqlite_master
 WHERE type = 'table' AND NOT name = 'sqlite_sequence'
[0m


NoMethodError (undefined method `has_many_and_belongs_to' for #<Class:0x7ffc025ef988>):
    /vendor/rails/activerecord/lib/active_record/base.rb:1667:in `method_missing'
    /app/models/restaurante.rb:3
    /vendor/rails/activesupport/lib/active_support/dependencies.rb:215:in `load_without_new_constant_marking'
    /vendor/rails/activesupport/lib/active_support/dependencies.rb:215:in `load_file'
    /vendor/rails/activesupport/lib/active_support/dependencies.rb:354:in `new_constants_in'
    /vendor/rails/activesupport/lib/active_support/dependencies.rb:214:in `load_file'
    /vendor/rails/activesupport/lib/active_support/dependencies.rb:95:in `require_or_load'
    /vendor/rails/activesupport/lib/active_support/dependencies.rb:260:in `load_missing_constant'
    /vendor/rails/activesupport/lib/active_support/dependencies.rb:467:in `const_missing'
    /vendor/rails/activesupport/lib/active_support/dependencies.rb:479:in `const_missing'
    /vendor/rails/activesupport/lib/active_support/dependencies.rb:485:in `send'
    /vendor/rails/activesupport/lib/active_support/dependencies.rb:485:in `const_missing'
    /app/controllers/restaurantes_controller.rb:6:in `show'
    /vendor/rails/actionpack/lib/action_controller/base.rb:1162:in `send'
    /vendor/rails/actionpack/lib/action_controller/base.rb:1162:in `perform_action_without_filters'
    /vendor/rails/actionpack/lib/action_controller/filters.rb:580:in `call_filters'
    /vendor/rails/actionpack/lib/action_controller/filters.rb:573:in `perform_action_without_benchmark'
    /vendor/rails/actionpack/lib/action_controller/benchmarking.rb:68:in `perform_action_without_rescue'
    /usr/lib/ruby/1.8/benchmark.rb:293:in `measure'
    /vendor/rails/actionpack/lib/action_controller/benchmarking.rb:68:in `perform_action_without_rescue'
    /vendor/rails/actionpack/lib/action_controller/rescue.rb:201:in `perform_action_without_caching'
    /vendor/rails/actionpack/lib/action_controller/caching/sql_cache.rb:13:in `perform_action'
    /vendor/rails/activerecord/lib/active_record/connection_adapters/abstract/query_cache.rb:33:in `cache'
    /vendor/rails/activerecord/lib/active_record/query_cache.rb:8:in `cache'
    /vendor/rails/actionpack/lib/action_controller/caching/sql_cache.rb:12:in `perform_action'
    /vendor/rails/actionpack/lib/action_controller/base.rb:529:in `send'
    /vendor/rails/actionpack/lib/action_controller/base.rb:529:in `process_without_filters'
    /vendor/rails/actionpack/lib/action_controller/filters.rb:569:in `process_without_session_management_support'
    /vendor/rails/actionpack/lib/action_controller/session_management.rb:130:in `process'
    /vendor/rails/actionpack/lib/action_controller/base.rb:389:in `process'
    /vendor/rails/actionpack/lib/action_controller/dispatcher.rb:149:in `handle_request'
    /vendor/rails/actionpack/lib/action_controller/dispatcher.rb:107:in `dispatch'
    /vendor/rails/actionpack/lib/action_controller/dispatcher.rb:104:in `synchronize'
    /vendor/rails/actionpack/lib/action_controller/dispatcher.rb:104:in `dispatch'
    /vendor/rails/actionpack/lib/action_controller/dispatcher.rb:120:in `dispatch_cgi'
    /vendor/rails/actionpack/lib/action_controller/dispatcher.rb:35:in `dispatch'
    /vendor/rails/railties/lib/webrick_server.rb:112:in `handle_dispatch'
    /vendor/rails/railties/lib/webrick_server.rb:78:in `service'
    /usr/lib/ruby/1.8/webrick/httpserver.rb:104:in `service'
    /usr/lib/ruby/1.8/webrick/httpserver.rb:65:in `run'
    /usr/lib/ruby/1.8/webrick/server.rb:173:in `start_thread'
    /usr/lib/ruby/1.8/webrick/server.rb:162:in `start'
    /usr/lib/ruby/1.8/webrick/server.rb:162:in `start_thread'
    /usr/lib/ruby/1.8/webrick/server.rb:95:in `start'
    /usr/lib/ruby/1.8/webrick/server.rb:92:in `each'
    /usr/lib/ruby/1.8/webrick/server.rb:92:in `start'
    /usr/lib/ruby/1.8/webrick/server.rb:23:in `start'
    /usr/lib/ruby/1.8/webrick/server.rb:82:in `start'
    /vendor/rails/railties/lib/webrick_server.rb:62:in `dispatch'
    /vendor/rails/railties/lib/commands/servers/webrick.rb:66
    /usr/lib/ruby/1.8/rubygems/custom_require.rb:31:in `gem_original_require'
    /usr/lib/ruby/1.8/rubygems/custom_require.rb:31:in `require'
    /vendor/rails/activesupport/lib/active_support/dependencies.rb:509:in `require'
    /vendor/rails/activesupport/lib/active_support/dependencies.rb:354:in `new_constants_in'
    /vendor/rails/activesupport/lib/active_support/dependencies.rb:509:in `require'
    /vendor/rails/railties/lib/commands/server.rb:39
    /usr/lib/ruby/1.8/rubygems/custom_require.rb:31:in `gem_original_require'
    /usr/lib/ruby/1.8/rubygems/custom_require.rb:31:in `require'
    script/server:3

Rendering /home/mario/Projetos/forkinrio/rails/restaurante/vendor/rails/actionpack/lib/action_controller/templates/rescues/layout.erb (internal_server_error)


Processing RestaurantesController#show (for 127.0.0.1 at 2010-06-09 00:52:35) [GET]
  Session ID: BAh7BiIKZmxhc2hJQzonQWN0aW9uQ29udHJvbGxlcjo6Rmxhc2g6OkZsYXNo
SGFzaHsABjoKQHVzZWR7AA==--a3addd190a16fb18d9689029eeba4c03fca11bd6
  Parameters: {"action"=>"show", "controller"=>"restaurantes"}


ActiveRecord::RecordNotFound (Couldn't find Restaurante without an ID):
    /vendor/rails/activerecord/lib/active_record/base.rb:1360:in `find_from_ids'
    /vendor/rails/activerecord/lib/active_record/base.rb:537:in `find'
    /app/controllers/restaurantes_controller.rb:6:in `show'
    /vendor/rails/actionpack/lib/action_controller/base.rb:1162:in `send'
    /vendor/rails/actionpack/lib/action_controller/base.rb:1162:in `perform_action_without_filters'
    /vendor/rails/actionpack/lib/action_controller/filters.rb:580:in `call_filters'
    /vendor/rails/actionpack/lib/action_controller/filters.rb:573:in `perform_action_without_benchmark'
    /vendor/rails/actionpack/lib/action_controller/benchmarking.rb:68:in `perform_action_without_rescue'
    /usr/lib/ruby/1.8/benchmark.rb:293:in `measure'
    /vendor/rails/actionpack/lib/action_controller/benchmarking.rb:68:in `perform_action_without_rescue'
    /vendor/rails/actionpack/lib/action_controller/rescue.rb:201:in `perform_action_without_caching'
    /vendor/rails/actionpack/lib/action_controller/caching/sql_cache.rb:13:in `perform_action'
    /vendor/rails/activerecord/lib/active_record/connection_adapters/abstract/query_cache.rb:33:in `cache'
    /vendor/rails/activerecord/lib/active_record/query_cache.rb:8:in `cache'
    /vendor/rails/actionpack/lib/action_controller/caching/sql_cache.rb:12:in `perform_action'
    /vendor/rails/actionpack/lib/action_controller/base.rb:529:in `send'
    /vendor/rails/actionpack/lib/action_controller/base.rb:529:in `process_without_filters'
    /vendor/rails/actionpack/lib/action_controller/filters.rb:569:in `process_without_session_management_support'
    /vendor/rails/actionpack/lib/action_controller/session_management.rb:130:in `process'
    /vendor/rails/actionpack/lib/action_controller/base.rb:389:in `process'
    /vendor/rails/actionpack/lib/action_controller/dispatcher.rb:149:in `handle_request'
    /vendor/rails/actionpack/lib/action_controller/dispatcher.rb:107:in `dispatch'
    /vendor/rails/actionpack/lib/action_controller/dispatcher.rb:104:in `synchronize'
    /vendor/rails/actionpack/lib/action_controller/dispatcher.rb:104:in `dispatch'
    /vendor/rails/actionpack/lib/action_controller/dispatcher.rb:120:in `dispatch_cgi'
    /vendor/rails/actionpack/lib/action_controller/dispatcher.rb:35:in `dispatch'
    /vendor/rails/railties/lib/webrick_server.rb:112:in `handle_dispatch'
    /vendor/rails/railties/lib/webrick_server.rb:78:in `service'
    /usr/lib/ruby/1.8/webrick/httpserver.rb:104:in `service'
    /usr/lib/ruby/1.8/webrick/httpserver.rb:65:in `run'
    /usr/lib/ruby/1.8/webrick/server.rb:173:in `start_thread'
    /usr/lib/ruby/1.8/webrick/server.rb:162:in `start'
    /usr/lib/ruby/1.8/webrick/server.rb:162:in `start_thread'
    /usr/lib/ruby/1.8/webrick/server.rb:95:in `start'
    /usr/lib/ruby/1.8/webrick/server.rb:92:in `each'
    /usr/lib/ruby/1.8/webrick/server.rb:92:in `start'
    /usr/lib/ruby/1.8/webrick/server.rb:23:in `start'
    /usr/lib/ruby/1.8/webrick/server.rb:82:in `start'
    /vendor/rails/railties/lib/webrick_server.rb:62:in `dispatch'
    /vendor/rails/railties/lib/commands/servers/webrick.rb:66
    /usr/lib/ruby/1.8/rubygems/custom_require.rb:31:in `gem_original_require'
    /usr/lib/ruby/1.8/rubygems/custom_require.rb:31:in `require'
    /vendor/rails/activesupport/lib/active_support/dependencies.rb:509:in `require'
    /vendor/rails/activesupport/lib/active_support/dependencies.rb:354:in `new_constants_in'
    /vendor/rails/activesupport/lib/active_support/dependencies.rb:509:in `require'
    /vendor/rails/railties/lib/commands/server.rb:39
    /usr/lib/ruby/1.8/rubygems/custom_require.rb:31:in `gem_original_require'
    /usr/lib/ruby/1.8/rubygems/custom_require.rb:31:in `require'
    script/server:3

Rendering /home/mario/Projetos/forkinrio/rails/restaurante/vendor/rails/actionpack/lib/action_controller/templates/rescues/layout.erb (not_found)
  [4;36;1mSQL (0.000590)[0m   [0;1m SELECT name
 FROM sqlite_master
 WHERE type = 'table' AND NOT name = 'sqlite_sequence'
[0m
  [4;35;1mSQL (0.000267)[0m   [0mSELECT version FROM schema_migrations[0m
  [4;36;1mSQL (0.000232)[0m   [0;1mSELECT version FROM schema_migrations[0m
  [4;35;1mSQL (0.000231)[0m   [0mSELECT version FROM schema_migrations[0m
  [4;36;1mSQL (0.000231)[0m   [0;1mSELECT version FROM schema_migrations[0m
  [4;35;1mSQL (0.000233)[0m   [0mSELECT version FROM schema_migrations[0m
  [4;36;1mSQL (0.000231)[0m   [0;1mSELECT version FROM schema_migrations[0m
  [4;35;1mSQL (0.000236)[0m   [0mSELECT version FROM schema_migrations[0m
Migrating to CreateRestaurantes (20100427224316)
  [4;36;1mSQL (0.000231)[0m   [0;1mSELECT version FROM schema_migrations[0m
Migrating to AddEspecialidadeToRestaurante (20100427225121)
  [4;35;1mSQL (0.000233)[0m   [0mSELECT version FROM schema_migrations[0m
Migrating to CreateClientes (20100428000032)
  [4;36;1mSQL (0.000237)[0m   [0;1mSELECT version FROM schema_migrations[0m
Migrating to CreatePratos (20100428000159)
  [4;35;1mSQL (0.000234)[0m   [0mSELECT version FROM schema_migrations[0m
Migrating to CreateReceitas (20100428000251)
  [4;36;1mSQL (0.000232)[0m   [0;1mSELECT version FROM schema_migrations[0m
Migrating to CreateQualificacoes (20100518223603)
  [4;35;1mSQL (0.000234)[0m   [0mSELECT version FROM schema_migrations[0m
Migrating to CreatePratosRestaurantesJoinTable (20100518232525)
  [4;36;1mSQL (0.000232)[0m   [0;1mSELECT version FROM schema_migrations[0m
  [4;35;1mSQL (0.000089)[0m   [0mselect sqlite_version(*)[0m
  [4;36;1mSQL (0.000233)[0m   [0;1mSELECT version FROM schema_migrations[0m
  [4;35;1mSQL (0.000254)[0m   [0m SELECT name
 FROM sqlite_master
 WHERE type = 'table' AND NOT name = 'sqlite_sequence'
[0m
  [4;36;1mSQL (0.000039)[0m   [0;1mPRAGMA index_list("clientes")[0m
  [4;35;1mSQL (0.000038)[0m   [0mPRAGMA index_list("pratos")[0m
  [4;36;1mSQL (0.000039)[0m   [0;1mPRAGMA index_list("pratos_restaurantes")[0m
  [4;35;1mSQL (0.000038)[0m   [0mPRAGMA index_list("qualificacoes")[0m
  [4;36;1mSQL (0.000038)[0m   [0;1mPRAGMA index_list("receitas")[0m
  [4;35;1mSQL (0.000039)[0m   [0mPRAGMA index_list("restaurantes")[0m
  [4;36;1mSQL (0.000577)[0m   [0;1m SELECT name
 FROM sqlite_master
 WHERE type = 'table' AND NOT name = 'sqlite_sequence'
[0m
  [4;35;1mSQL (0.000268)[0m   [0mSELECT version FROM schema_migrations[0m
  [4;36;1mSQL (0.000241)[0m   [0;1mSELECT version FROM schema_migrations[0m
  [4;35;1mSQL (0.000233)[0m   [0mSELECT version FROM schema_migrations[0m
  [4;36;1mSQL (0.000231)[0m   [0;1mSELECT version FROM schema_migrations[0m
  [4;35;1mSQL (0.000233)[0m   [0mSELECT version FROM schema_migrations[0m
  [4;36;1mSQL (0.000234)[0m   [0;1mSELECT version FROM schema_migrations[0m
  [4;35;1mSQL (0.000235)[0m   [0mSELECT version FROM schema_migrations[0m
Migrating to CreateRestaurantes (20100427224316)
  [4;36;1mSQL (0.000235)[0m   [0;1mSELECT version FROM schema_migrations[0m
Migrating to AddEspecialidadeToRestaurante (20100427225121)
  [4;35;1mSQL (0.000233)[0m   [0mSELECT version FROM schema_migrations[0m
Migrating to CreateClientes (20100428000032)
  [4;36;1mSQL (0.000232)[0m   [0;1mSELECT version FROM schema_migrations[0m
Migrating to CreatePratos (20100428000159)
  [4;35;1mSQL (0.000236)[0m   [0mSELECT version FROM schema_migrations[0m
Migrating to CreateReceitas (20100428000251)
  [4;36;1mSQL (0.000233)[0m   [0;1mSELECT version FROM schema_migrations[0m
Migrating to CreateQualificacoes (20100518223603)
  [4;35;1mSQL (0.000237)[0m   [0mSELECT version FROM schema_migrations[0m
Migrating to CreatePratosRestaurantesJoinTable (20100518232525)
  [4;36;1mSQL (0.000238)[0m   [0;1mSELECT version FROM schema_migrations[0m
  [4;35;1mSQL (0.000092)[0m   [0mselect sqlite_version(*)[0m
  [4;36;1mSQL (0.000235)[0m   [0;1mSELECT version FROM schema_migrations[0m
  [4;35;1mSQL (0.000271)[0m   [0m SELECT name
 FROM sqlite_master
 WHERE type = 'table' AND NOT name = 'sqlite_sequence'
[0m
  [4;36;1mSQL (0.000040)[0m   [0;1mPRAGMA index_list("clientes")[0m
  [4;35;1mSQL (0.000038)[0m   [0mPRAGMA index_list("pratos")[0m
  [4;36;1mSQL (0.000038)[0m   [0;1mPRAGMA index_list("pratos_restaurantes")[0m
  [4;35;1mSQL (0.000038)[0m   [0mPRAGMA index_list("qualificacoes")[0m
  [4;36;1mSQL (0.000038)[0m   [0;1mPRAGMA index_list("receitas")[0m
  [4;35;1mSQL (0.000038)[0m   [0mPRAGMA index_list("restaurantes")[0m


Processing RestaurantesController#show (for 127.0.0.1 at 2010-06-09 01:00:00) [GET]
  Session ID: BAh7BiIKZmxhc2hJQzonQWN0aW9uQ29udHJvbGxlcjo6Rmxhc2g6OkZsYXNo
SGFzaHsABjoKQHVzZWR7AA==--a3addd190a16fb18d9689029eeba4c03fca11bd6
  Parameters: {"action"=>"show", "controller"=>"restaurantes"}


ActiveRecord::RecordNotFound (Couldn't find Restaurante without an ID):
    /vendor/rails/activerecord/lib/active_record/base.rb:1360:in `find_from_ids'
    /vendor/rails/activerecord/lib/active_record/base.rb:537:in `find'
    /app/controllers/restaurantes_controller.rb:6:in `show'
    /vendor/rails/actionpack/lib/action_controller/base.rb:1162:in `send'
    /vendor/rails/actionpack/lib/action_controller/base.rb:1162:in `perform_action_without_filters'
    /vendor/rails/actionpack/lib/action_controller/filters.rb:580:in `call_filters'
    /vendor/rails/actionpack/lib/action_controller/filters.rb:573:in `perform_action_without_benchmark'
    /vendor/rails/actionpack/lib/action_controller/benchmarking.rb:68:in `perform_action_without_rescue'
    /usr/lib/ruby/1.8/benchmark.rb:293:in `measure'
    /vendor/rails/actionpack/lib/action_controller/benchmarking.rb:68:in `perform_action_without_rescue'
    /vendor/rails/actionpack/lib/action_controller/rescue.rb:201:in `perform_action_without_caching'
    /vendor/rails/actionpack/lib/action_controller/caching/sql_cache.rb:13:in `perform_action'
    /vendor/rails/activerecord/lib/active_record/connection_adapters/abstract/query_cache.rb:33:in `cache'
    /vendor/rails/activerecord/lib/active_record/query_cache.rb:8:in `cache'
    /vendor/rails/actionpack/lib/action_controller/caching/sql_cache.rb:12:in `perform_action'
    /vendor/rails/actionpack/lib/action_controller/base.rb:529:in `send'
    /vendor/rails/actionpack/lib/action_controller/base.rb:529:in `process_without_filters'
    /vendor/rails/actionpack/lib/action_controller/filters.rb:569:in `process_without_session_management_support'
    /vendor/rails/actionpack/lib/action_controller/session_management.rb:130:in `process'
    /vendor/rails/actionpack/lib/action_controller/base.rb:389:in `process'
    /vendor/rails/actionpack/lib/action_controller/dispatcher.rb:149:in `handle_request'
    /vendor/rails/actionpack/lib/action_controller/dispatcher.rb:107:in `dispatch'
    /vendor/rails/actionpack/lib/action_controller/dispatcher.rb:104:in `synchronize'
    /vendor/rails/actionpack/lib/action_controller/dispatcher.rb:104:in `dispatch'
    /vendor/rails/actionpack/lib/action_controller/dispatcher.rb:120:in `dispatch_cgi'
    /vendor/rails/actionpack/lib/action_controller/dispatcher.rb:35:in `dispatch'
    /vendor/rails/railties/lib/webrick_server.rb:112:in `handle_dispatch'
    /vendor/rails/railties/lib/webrick_server.rb:78:in `service'
    /usr/lib/ruby/1.8/webrick/httpserver.rb:104:in `service'
    /usr/lib/ruby/1.8/webrick/httpserver.rb:65:in `run'
    /usr/lib/ruby/1.8/webrick/server.rb:173:in `start_thread'
    /usr/lib/ruby/1.8/webrick/server.rb:162:in `start'
    /usr/lib/ruby/1.8/webrick/server.rb:162:in `start_thread'
    /usr/lib/ruby/1.8/webrick/server.rb:95:in `start'
    /usr/lib/ruby/1.8/webrick/server.rb:92:in `each'
    /usr/lib/ruby/1.8/webrick/server.rb:92:in `start'
    /usr/lib/ruby/1.8/webrick/server.rb:23:in `start'
    /usr/lib/ruby/1.8/webrick/server.rb:82:in `start'
    /vendor/rails/railties/lib/webrick_server.rb:62:in `dispatch'
    /vendor/rails/railties/lib/commands/servers/webrick.rb:66
    /usr/lib/ruby/1.8/rubygems/custom_require.rb:31:in `gem_original_require'
    /usr/lib/ruby/1.8/rubygems/custom_require.rb:31:in `require'
    /vendor/rails/activesupport/lib/active_support/dependencies.rb:509:in `require'
    /vendor/rails/activesupport/lib/active_support/dependencies.rb:354:in `new_constants_in'
    /vendor/rails/activesupport/lib/active_support/dependencies.rb:509:in `require'
    /vendor/rails/railties/lib/commands/server.rb:39
    /usr/lib/ruby/1.8/rubygems/custom_require.rb:31:in `gem_original_require'
    /usr/lib/ruby/1.8/rubygems/custom_require.rb:31:in `require'
    script/server:3

Rendering /home/mario/Projetos/forkinrio/rails/restaurante/vendor/rails/actionpack/lib/action_controller/templates/rescues/layout.erb (not_found)


Processing RestaurantesController#show (for 127.0.0.1 at 2010-06-09 01:04:37) [GET]
  Session ID: BAh7BiIKZmxhc2hJQzonQWN0aW9uQ29udHJvbGxlcjo6Rmxhc2g6OkZsYXNo
SGFzaHsABjoKQHVzZWR7AA==--a3addd190a16fb18d9689029eeba4c03fca11bd6
  Parameters: {"action"=>"show", "controller"=>"restaurantes"}


ActiveRecord::RecordNotFound (Couldn't find Restaurante without an ID):
    /vendor/rails/activerecord/lib/active_record/base.rb:1360:in `find_from_ids'
    /vendor/rails/activerecord/lib/active_record/base.rb:537:in `find'
    /app/controllers/restaurantes_controller.rb:6:in `show'
    /vendor/rails/actionpack/lib/action_controller/base.rb:1162:in `send'
    /vendor/rails/actionpack/lib/action_controller/base.rb:1162:in `perform_action_without_filters'
    /vendor/rails/actionpack/lib/action_controller/filters.rb:580:in `call_filters'
    /vendor/rails/actionpack/lib/action_controller/filters.rb:573:in `perform_action_without_benchmark'
    /vendor/rails/actionpack/lib/action_controller/benchmarking.rb:68:in `perform_action_without_rescue'
    /usr/lib/ruby/1.8/benchmark.rb:293:in `measure'
    /vendor/rails/actionpack/lib/action_controller/benchmarking.rb:68:in `perform_action_without_rescue'
    /vendor/rails/actionpack/lib/action_controller/rescue.rb:201:in `perform_action_without_caching'
    /vendor/rails/actionpack/lib/action_controller/caching/sql_cache.rb:13:in `perform_action'
    /vendor/rails/activerecord/lib/active_record/connection_adapters/abstract/query_cache.rb:33:in `cache'
    /vendor/rails/activerecord/lib/active_record/query_cache.rb:8:in `cache'
    /vendor/rails/actionpack/lib/action_controller/caching/sql_cache.rb:12:in `perform_action'
    /vendor/rails/actionpack/lib/action_controller/base.rb:529:in `send'
    /vendor/rails/actionpack/lib/action_controller/base.rb:529:in `process_without_filters'
    /vendor/rails/actionpack/lib/action_controller/filters.rb:569:in `process_without_session_management_support'
    /vendor/rails/actionpack/lib/action_controller/session_management.rb:130:in `process'
    /vendor/rails/actionpack/lib/action_controller/base.rb:389:in `process'
    /vendor/rails/actionpack/lib/action_controller/dispatcher.rb:149:in `handle_request'
    /vendor/rails/actionpack/lib/action_controller/dispatcher.rb:107:in `dispatch'
    /vendor/rails/actionpack/lib/action_controller/dispatcher.rb:104:in `synchronize'
    /vendor/rails/actionpack/lib/action_controller/dispatcher.rb:104:in `dispatch'
    /vendor/rails/actionpack/lib/action_controller/dispatcher.rb:120:in `dispatch_cgi'
    /vendor/rails/actionpack/lib/action_controller/dispatcher.rb:35:in `dispatch'
    /vendor/rails/railties/lib/webrick_server.rb:112:in `handle_dispatch'
    /vendor/rails/railties/lib/webrick_server.rb:78:in `service'
    /usr/lib/ruby/1.8/webrick/httpserver.rb:104:in `service'
    /usr/lib/ruby/1.8/webrick/httpserver.rb:65:in `run'
    /usr/lib/ruby/1.8/webrick/server.rb:173:in `start_thread'
    /usr/lib/ruby/1.8/webrick/server.rb:162:in `start'
    /usr/lib/ruby/1.8/webrick/server.rb:162:in `start_thread'
    /usr/lib/ruby/1.8/webrick/server.rb:95:in `start'
    /usr/lib/ruby/1.8/webrick/server.rb:92:in `each'
    /usr/lib/ruby/1.8/webrick/server.rb:92:in `start'
    /usr/lib/ruby/1.8/webrick/server.rb:23:in `start'
    /usr/lib/ruby/1.8/webrick/server.rb:82:in `start'
    /vendor/rails/railties/lib/webrick_server.rb:62:in `dispatch'
    /vendor/rails/railties/lib/commands/servers/webrick.rb:66
    /usr/lib/ruby/1.8/rubygems/custom_require.rb:31:in `gem_original_require'
    /usr/lib/ruby/1.8/rubygems/custom_require.rb:31:in `require'
    /vendor/rails/activesupport/lib/active_support/dependencies.rb:509:in `require'
    /vendor/rails/activesupport/lib/active_support/dependencies.rb:354:in `new_constants_in'
    /vendor/rails/activesupport/lib/active_support/dependencies.rb:509:in `require'
    /vendor/rails/railties/lib/commands/server.rb:39
    /usr/lib/ruby/1.8/rubygems/custom_require.rb:31:in `gem_original_require'
    /usr/lib/ruby/1.8/rubygems/custom_require.rb:31:in `require'
    script/server:3

Rendering /home/mario/Projetos/forkinrio/rails/restaurante/vendor/rails/actionpack/lib/action_controller/templates/rescues/layout.erb (not_found)


Processing RestaurantesController#show (for 127.0.0.1 at 2010-06-09 01:04:47) [GET]
  Session ID: BAh7BiIKZmxhc2hJQzonQWN0aW9uQ29udHJvbGxlcjo6Rmxhc2g6OkZsYXNo
SGFzaHsABjoKQHVzZWR7AA==--a3addd190a16fb18d9689029eeba4c03fca11bd6
  Parameters: {"action"=>"show", "controller"=>"restaurantes"}


ActiveRecord::RecordNotFound (Couldn't find Restaurante without an ID):
    /vendor/rails/activerecord/lib/active_record/base.rb:1360:in `find_from_ids'
    /vendor/rails/activerecord/lib/active_record/base.rb:537:in `find'
    /app/controllers/restaurantes_controller.rb:6:in `show'
    /vendor/rails/actionpack/lib/action_controller/base.rb:1162:in `send'
    /vendor/rails/actionpack/lib/action_controller/base.rb:1162:in `perform_action_without_filters'
    /vendor/rails/actionpack/lib/action_controller/filters.rb:580:in `call_filters'
    /vendor/rails/actionpack/lib/action_controller/filters.rb:573:in `perform_action_without_benchmark'
    /vendor/rails/actionpack/lib/action_controller/benchmarking.rb:68:in `perform_action_without_rescue'
    /usr/lib/ruby/1.8/benchmark.rb:293:in `measure'
    /vendor/rails/actionpack/lib/action_controller/benchmarking.rb:68:in `perform_action_without_rescue'
    /vendor/rails/actionpack/lib/action_controller/rescue.rb:201:in `perform_action_without_caching'
    /vendor/rails/actionpack/lib/action_controller/caching/sql_cache.rb:13:in `perform_action'
    /vendor/rails/activerecord/lib/active_record/connection_adapters/abstract/query_cache.rb:33:in `cache'
    /vendor/rails/activerecord/lib/active_record/query_cache.rb:8:in `cache'
    /vendor/rails/actionpack/lib/action_controller/caching/sql_cache.rb:12:in `perform_action'
    /vendor/rails/actionpack/lib/action_controller/base.rb:529:in `send'
    /vendor/rails/actionpack/lib/action_controller/base.rb:529:in `process_without_filters'
    /vendor/rails/actionpack/lib/action_controller/filters.rb:569:in `process_without_session_management_support'
    /vendor/rails/actionpack/lib/action_controller/session_management.rb:130:in `process'
    /vendor/rails/actionpack/lib/action_controller/base.rb:389:in `process'
    /vendor/rails/actionpack/lib/action_controller/dispatcher.rb:149:in `handle_request'
    /vendor/rails/actionpack/lib/action_controller/dispatcher.rb:107:in `dispatch'
    /vendor/rails/actionpack/lib/action_controller/dispatcher.rb:104:in `synchronize'
    /vendor/rails/actionpack/lib/action_controller/dispatcher.rb:104:in `dispatch'
    /vendor/rails/actionpack/lib/action_controller/dispatcher.rb:120:in `dispatch_cgi'
    /vendor/rails/actionpack/lib/action_controller/dispatcher.rb:35:in `dispatch'
    /vendor/rails/railties/lib/webrick_server.rb:112:in `handle_dispatch'
    /vendor/rails/railties/lib/webrick_server.rb:78:in `service'
    /usr/lib/ruby/1.8/webrick/httpserver.rb:104:in `service'
    /usr/lib/ruby/1.8/webrick/httpserver.rb:65:in `run'
    /usr/lib/ruby/1.8/webrick/server.rb:173:in `start_thread'
    /usr/lib/ruby/1.8/webrick/server.rb:162:in `start'
    /usr/lib/ruby/1.8/webrick/server.rb:162:in `start_thread'
    /usr/lib/ruby/1.8/webrick/server.rb:95:in `start'
    /usr/lib/ruby/1.8/webrick/server.rb:92:in `each'
    /usr/lib/ruby/1.8/webrick/server.rb:92:in `start'
    /usr/lib/ruby/1.8/webrick/server.rb:23:in `start'
    /usr/lib/ruby/1.8/webrick/server.rb:82:in `start'
    /vendor/rails/railties/lib/webrick_server.rb:62:in `dispatch'
    /vendor/rails/railties/lib/commands/servers/webrick.rb:66
    /usr/lib/ruby/1.8/rubygems/custom_require.rb:31:in `gem_original_require'
    /usr/lib/ruby/1.8/rubygems/custom_require.rb:31:in `require'
    /vendor/rails/activesupport/lib/active_support/dependencies.rb:509:in `require'
    /vendor/rails/activesupport/lib/active_support/dependencies.rb:354:in `new_constants_in'
    /vendor/rails/activesupport/lib/active_support/dependencies.rb:509:in `require'
    /vendor/rails/railties/lib/commands/server.rb:39
    /usr/lib/ruby/1.8/rubygems/custom_require.rb:31:in `gem_original_require'
    /usr/lib/ruby/1.8/rubygems/custom_require.rb:31:in `require'
    script/server:3

Rendering /home/mario/Projetos/forkinrio/rails/restaurante/vendor/rails/actionpack/lib/action_controller/templates/rescues/layout.erb (not_found)


Processing RestaurantesController#index (for 127.0.0.1 at 2010-06-09 01:07:32) [GET]
  Session ID: BAh7BiIKZmxhc2hJQzonQWN0aW9uQ29udHJvbGxlcjo6Rmxhc2g6OkZsYXNo
SGFzaHsABjoKQHVzZWR7AA==--a3addd190a16fb18d9689029eeba4c03fca11bd6
  Parameters: {"action"=>"index", "controller"=>"restaurantes"}
  [4;36;1mRestaurante Load (0.000754)[0m   [0;1mSELECT * FROM "restaurantes" ORDER BY nome[0m
Rendering template within layouts/application
Rendering restaurantes/index
Rendered restaurantes/_titulo (0.00001)


ActionView::TemplateError (undefined local variable or method `’Show’' for #<ActionView::Base:0x7fe730f12fd8>) on line #14 of restaurantes/index.html.erb:
11:     <td><%=h restaurante.nome %></td>
12:     <td><%=h restaurante.endereco %></td>
13:     <td><%=h restaurante.especialidade %></td>
14:     <td><%= link_to ’Show’, { :action => ’show’, :id => restaurante } %></td>
15:     <td><%= link_to ’Edit’, { :action => ’edit’, :id => restaurante } %></td>
16:     <td><%= link_to ’Destroy’, { :action => ’destroy’, :id => restaurante } %></td>
17:   </tr>

    app/views/restaurantes/index.html.erb:14:in `_run_erb_47app47views47restaurantes47index46html46erb'
    app/views/restaurantes/index.html.erb:9:in `each'
    app/views/restaurantes/index.html.erb:9:in `_run_erb_47app47views47restaurantes47index46html46erb'
    vendor/rails/actionpack/lib/action_view/base.rb:338:in `send'
    vendor/rails/actionpack/lib/action_view/base.rb:338:in `execute'
    vendor/rails/actionpack/lib/action_view/template_handlers/compilable.rb:29:in `send'
    vendor/rails/actionpack/lib/action_view/template_handlers/compilable.rb:29:in `render'
    vendor/rails/actionpack/lib/action_view/template.rb:35:in `render'
    vendor/rails/actionpack/lib/action_view/template.rb:22:in `render_template'
    vendor/rails/actionpack/lib/action_view/base.rb:245:in `render_file'
    vendor/rails/actionpack/lib/action_controller/base.rb:1108:in `render_for_file'
    vendor/rails/actionpack/lib/action_controller/base.rb:841:in `render_with_no_layout'
    vendor/rails/actionpack/lib/action_controller/layout.rb:251:in `render_without_benchmark'
    vendor/rails/actionpack/lib/action_controller/benchmarking.rb:51:in `render'
    vendor/rails/activesupport/lib/active_support/core_ext/benchmark.rb:8:in `realtime'
    vendor/rails/actionpack/lib/action_controller/benchmarking.rb:51:in `render'
    vendor/rails/actionpack/lib/action_controller/base.rb:1157:in `default_render'
    vendor/rails/actionpack/lib/action_controller/base.rb:1163:in `perform_action_without_filters'
    vendor/rails/actionpack/lib/action_controller/filters.rb:580:in `call_filters'
    vendor/rails/actionpack/lib/action_controller/filters.rb:573:in `perform_action_without_benchmark'
    vendor/rails/actionpack/lib/action_controller/benchmarking.rb:68:in `perform_action_without_rescue'
    /usr/lib/ruby/1.8/benchmark.rb:293:in `measure'
    vendor/rails/actionpack/lib/action_controller/benchmarking.rb:68:in `perform_action_without_rescue'
    vendor/rails/actionpack/lib/action_controller/rescue.rb:201:in `perform_action_without_caching'
    vendor/rails/actionpack/lib/action_controller/caching/sql_cache.rb:13:in `perform_action'
    vendor/rails/activerecord/lib/active_record/connection_adapters/abstract/query_cache.rb:33:in `cache'
    vendor/rails/activerecord/lib/active_record/query_cache.rb:8:in `cache'
    vendor/rails/actionpack/lib/action_controller/caching/sql_cache.rb:12:in `perform_action'
    vendor/rails/actionpack/lib/action_controller/base.rb:529:in `send'
    vendor/rails/actionpack/lib/action_controller/base.rb:529:in `process_without_filters'
    vendor/rails/actionpack/lib/action_controller/filters.rb:569:in `process_without_session_management_support'
    vendor/rails/actionpack/lib/action_controller/session_management.rb:130:in `process'
    vendor/rails/actionpack/lib/action_controller/base.rb:389:in `process'
    vendor/rails/actionpack/lib/action_controller/dispatcher.rb:149:in `handle_request'
    vendor/rails/actionpack/lib/action_controller/dispatcher.rb:107:in `dispatch'
    vendor/rails/actionpack/lib/action_controller/dispatcher.rb:104:in `synchronize'
    vendor/rails/actionpack/lib/action_controller/dispatcher.rb:104:in `dispatch'
    vendor/rails/actionpack/lib/action_controller/dispatcher.rb:120:in `dispatch_cgi'
    vendor/rails/actionpack/lib/action_controller/dispatcher.rb:35:in `dispatch'
    vendor/rails/railties/lib/webrick_server.rb:112:in `handle_dispatch'
    vendor/rails/railties/lib/webrick_server.rb:78:in `service'
    /usr/lib/ruby/1.8/webrick/httpserver.rb:104:in `service'
    /usr/lib/ruby/1.8/webrick/httpserver.rb:65:in `run'
    /usr/lib/ruby/1.8/webrick/server.rb:173:in `start_thread'
    /usr/lib/ruby/1.8/webrick/server.rb:162:in `start'
    /usr/lib/ruby/1.8/webrick/server.rb:162:in `start_thread'
    /usr/lib/ruby/1.8/webrick/server.rb:95:in `start'
    /usr/lib/ruby/1.8/webrick/server.rb:92:in `each'
    /usr/lib/ruby/1.8/webrick/server.rb:92:in `start'
    /usr/lib/ruby/1.8/webrick/server.rb:23:in `start'
    /usr/lib/ruby/1.8/webrick/server.rb:82:in `start'
    vendor/rails/railties/lib/webrick_server.rb:62:in `dispatch'
    vendor/rails/railties/lib/commands/servers/webrick.rb:66
    /usr/lib/ruby/1.8/rubygems/custom_require.rb:31:in `gem_original_require'
    /usr/lib/ruby/1.8/rubygems/custom_require.rb:31:in `require'
    vendor/rails/activesupport/lib/active_support/dependencies.rb:509:in `require'
    vendor/rails/activesupport/lib/active_support/dependencies.rb:354:in `new_constants_in'
    vendor/rails/activesupport/lib/active_support/dependencies.rb:509:in `require'
    vendor/rails/railties/lib/commands/server.rb:39
    /usr/lib/ruby/1.8/rubygems/custom_require.rb:31:in `gem_original_require'
    /usr/lib/ruby/1.8/rubygems/custom_require.rb:31:in `require'
    script/server:3

Rendering /home/mario/Projetos/forkinrio/rails/restaurante/vendor/rails/actionpack/lib/action_controller/templates/rescues/layout.erb (internal_server_error)


Processing RestaurantesController#index (for 127.0.0.1 at 2010-06-09 01:09:11) [GET]
  Session ID: BAh7BiIKZmxhc2hJQzonQWN0aW9uQ29udHJvbGxlcjo6Rmxhc2g6OkZsYXNo
SGFzaHsABjoKQHVzZWR7AA==--a3addd190a16fb18d9689029eeba4c03fca11bd6
  Parameters: {"action"=>"index", "controller"=>"restaurantes"}
  [4;35;1mRestaurante Load (0.000656)[0m   [0mSELECT * FROM "restaurantes" ORDER BY nome[0m
Rendering template within layouts/application
Rendering restaurantes/index
Rendered restaurantes/_titulo (0.00001)
Completed in 0.01369 (73 reqs/sec) | Rendering: 0.00677 (49%) | DB: 0.00066 (4%) | 200 OK [http://localhost/restaurantes]


Processing ApplicationController#index (for 127.0.0.1 at 2010-06-09 01:09:28) [GET]
  Session ID: BAh7BiIKZmxhc2hJQzonQWN0aW9uQ29udHJvbGxlcjo6Rmxhc2g6OkZsYXNo
SGFzaHsABjoKQHVzZWR7AA==--a3addd190a16fb18d9689029eeba4c03fca11bd6
  Parameters: {}


ActionController::RoutingError (No route matches "/clientes" with {:method=>:get}):
    /vendor/rails/actionpack/lib/action_controller/routing/recognition_optimisation.rb:67:in `recognize_path'
    /vendor/rails/actionpack/lib/action_controller/routing/route_set.rb:384:in `recognize'
    /vendor/rails/actionpack/lib/action_controller/dispatcher.rb:148:in `handle_request'
    /vendor/rails/actionpack/lib/action_controller/dispatcher.rb:107:in `dispatch'
    /vendor/rails/actionpack/lib/action_controller/dispatcher.rb:104:in `synchronize'
    /vendor/rails/actionpack/lib/action_controller/dispatcher.rb:104:in `dispatch'
    /vendor/rails/actionpack/lib/action_controller/dispatcher.rb:120:in `dispatch_cgi'
    /vendor/rails/actionpack/lib/action_controller/dispatcher.rb:35:in `dispatch'
    /vendor/rails/railties/lib/webrick_server.rb:112:in `handle_dispatch'
    /vendor/rails/railties/lib/webrick_server.rb:78:in `service'
    /usr/lib/ruby/1.8/webrick/httpserver.rb:104:in `service'
    /usr/lib/ruby/1.8/webrick/httpserver.rb:65:in `run'
    /usr/lib/ruby/1.8/webrick/server.rb:173:in `start_thread'
    /usr/lib/ruby/1.8/webrick/server.rb:162:in `start'
    /usr/lib/ruby/1.8/webrick/server.rb:162:in `start_thread'
    /usr/lib/ruby/1.8/webrick/server.rb:95:in `start'
    /usr/lib/ruby/1.8/webrick/server.rb:92:in `each'
    /usr/lib/ruby/1.8/webrick/server.rb:92:in `start'
    /usr/lib/ruby/1.8/webrick/server.rb:23:in `start'
    /usr/lib/ruby/1.8/webrick/server.rb:82:in `start'
    /vendor/rails/railties/lib/webrick_server.rb:62:in `dispatch'
    /vendor/rails/railties/lib/commands/servers/webrick.rb:66
    /usr/lib/ruby/1.8/rubygems/custom_require.rb:31:in `gem_original_require'
    /usr/lib/ruby/1.8/rubygems/custom_require.rb:31:in `require'
    /vendor/rails/activesupport/lib/active_support/dependencies.rb:509:in `require'
    /vendor/rails/activesupport/lib/active_support/dependencies.rb:354:in `new_constants_in'
    /vendor/rails/activesupport/lib/active_support/dependencies.rb:509:in `require'
    /vendor/rails/railties/lib/commands/server.rb:39
    /usr/lib/ruby/1.8/rubygems/custom_require.rb:31:in `gem_original_require'
    /usr/lib/ruby/1.8/rubygems/custom_require.rb:31:in `require'
    script/server:3

Rendering /home/mario/Projetos/forkinrio/rails/restaurante/vendor/rails/actionpack/lib/action_controller/templates/rescues/layout.erb (not_found)


Processing RestaurantesController#index (for 127.0.0.1 at 2010-06-09 01:09:33) [GET]
  Session ID: BAh7BiIKZmxhc2hJQzonQWN0aW9uQ29udHJvbGxlcjo6Rmxhc2g6OkZsYXNo
SGFzaHsABjoKQHVzZWR7AA==--a3addd190a16fb18d9689029eeba4c03fca11bd6
  Parameters: {"action"=>"index", "controller"=>"restaurantes"}
  [4;36;1mRestaurante Load (0.000632)[0m   [0;1mSELECT * FROM "restaurantes" ORDER BY nome[0m
Rendering template within layouts/application
Rendering restaurantes/index
Rendered restaurantes/_titulo (0.00002)
Completed in 0.01030 (97 reqs/sec) | Rendering: 0.00370 (35%) | DB: 0.00063 (6%) | 200 OK [http://localhost/restaurantes]


Processing ClientesController#index (for 127.0.0.1 at 2010-06-16 21:19:57) [GET]
  Session ID: BAh7BzoMY3NyZl9pZCIlYzBiM2UyYjdjZjA0MjZlYzViOGViY2I5YWVjZTc1
ODUiCmZsYXNoSUM6J0FjdGlvbkNvbnRyb2xsZXI6OkZsYXNoOjpGbGFzaEhh
c2h7AAY6CkB1c2VkewA=--18541d5c856060cd5530f83a4d8015dc3e951e2b
  Parameters: {"action"=>"index", "controller"=>"clientes"}


CGI::Session::CookieStore::TamperedWithCookie (CGI::Session::CookieStore::TamperedWithCookie):
    /vendor/rails/actionpack/lib/action_controller/session/cookie_store.rb:144:in `unmarshal'
    /vendor/rails/actionpack/lib/action_controller/session/cookie_store.rb:101:in `restore'
    /usr/lib/ruby/1.8/cgi/session.rb:310:in `[]'
    /vendor/rails/actionpack/lib/action_controller/cgi_process.rb:136:in `session'
    /vendor/rails/actionpack/lib/action_controller/cgi_process.rb:168:in `stale_session_check!'
    /vendor/rails/actionpack/lib/action_controller/cgi_process.rb:116:in `session'
    /vendor/rails/actionpack/lib/action_controller/base.rb:1135:in `assign_shortcuts_without_flash'
    /vendor/rails/actionpack/lib/action_controller/flash.rb:166:in `assign_shortcuts'
    /vendor/rails/actionpack/lib/action_controller/base.rb:523:in `process_without_filters'
    /vendor/rails/actionpack/lib/action_controller/filters.rb:569:in `process_without_session_management_support'
    /vendor/rails/actionpack/lib/action_controller/session_management.rb:130:in `process'
    /vendor/rails/actionpack/lib/action_controller/base.rb:389:in `process'
    /vendor/rails/actionpack/lib/action_controller/dispatcher.rb:149:in `handle_request'
    /vendor/rails/actionpack/lib/action_controller/dispatcher.rb:107:in `dispatch'
    /vendor/rails/actionpack/lib/action_controller/dispatcher.rb:104:in `synchronize'
    /vendor/rails/actionpack/lib/action_controller/dispatcher.rb:104:in `dispatch'
    /vendor/rails/actionpack/lib/action_controller/dispatcher.rb:120:in `dispatch_cgi'
    /vendor/rails/actionpack/lib/action_controller/dispatcher.rb:35:in `dispatch'
    /vendor/rails/railties/lib/webrick_server.rb:112:in `handle_dispatch'
    /vendor/rails/railties/lib/webrick_server.rb:78:in `service'
    /usr/lib/ruby/1.8/webrick/httpserver.rb:104:in `service'
    /usr/lib/ruby/1.8/webrick/httpserver.rb:65:in `run'
    /usr/lib/ruby/1.8/webrick/server.rb:173:in `start_thread'
    /usr/lib/ruby/1.8/webrick/server.rb:162:in `start'
    /usr/lib/ruby/1.8/webrick/server.rb:162:in `start_thread'
    /usr/lib/ruby/1.8/webrick/server.rb:95:in `start'
    /usr/lib/ruby/1.8/webrick/server.rb:92:in `each'
    /usr/lib/ruby/1.8/webrick/server.rb:92:in `start'
    /usr/lib/ruby/1.8/webrick/server.rb:23:in `start'
    /usr/lib/ruby/1.8/webrick/server.rb:82:in `start'
    /vendor/rails/railties/lib/webrick_server.rb:62:in `dispatch'
    /vendor/rails/railties/lib/commands/servers/webrick.rb:66
    /usr/lib/ruby/1.8/rubygems/custom_require.rb:31:in `gem_original_require'
    /usr/lib/ruby/1.8/rubygems/custom_require.rb:31:in `require'
    /vendor/rails/activesupport/lib/active_support/dependencies.rb:509:in `require'
    /vendor/rails/activesupport/lib/active_support/dependencies.rb:354:in `new_constants_in'
    /vendor/rails/activesupport/lib/active_support/dependencies.rb:509:in `require'
    /vendor/rails/railties/lib/commands/server.rb:39
    /usr/lib/ruby/1.8/rubygems/custom_require.rb:31:in `gem_original_require'
    /usr/lib/ruby/1.8/rubygems/custom_require.rb:31:in `require'
    script/server:3

Rendering /home/samuel/Workspace/forkinrio/rails/restaurante/vendor/rails/actionpack/lib/action_controller/templates/rescues/layout.erb (internal_server_error)


Processing ClientesController#index (for 127.0.0.1 at 2010-06-16 21:20:09) [GET]
  Session ID: BAh7BiIKZmxhc2hJQzonQWN0aW9uQ29udHJvbGxlcjo6Rmxhc2g6OkZsYXNo
SGFzaHsABjoKQHVzZWR7AA==--a3addd190a16fb18d9689029eeba4c03fca11bd6
  Parameters: {"action"=>"index", "controller"=>"clientes"}
  [4;36;1mCliente Load (0.000657)[0m   [0;1mSELECT * FROM "clientes" [0m
Rendering template within layouts/application
Rendering clientes/index


ActionView::TemplateError (undefined local variable or method `new_cliente_path' for #<ActionView::Base:0xb6c9ca64>) on line #22 of clientes/index.html.erb:
19: 
20: <br />
21: 
22: <%= link_to 'New cliente', new_cliente_path %>

    app/views/clientes/index.html.erb:22:in `_run_erb_47app47views47clientes47index46html46erb'
    vendor/rails/actionpack/lib/action_view/base.rb:338:in `send'
    vendor/rails/actionpack/lib/action_view/base.rb:338:in `execute'
    vendor/rails/actionpack/lib/action_view/template_handlers/compilable.rb:29:in `send'
    vendor/rails/actionpack/lib/action_view/template_handlers/compilable.rb:29:in `render'
    vendor/rails/actionpack/lib/action_view/template.rb:35:in `render'
    vendor/rails/actionpack/lib/action_view/template.rb:22:in `render_template'
    vendor/rails/actionpack/lib/action_view/base.rb:245:in `render_file'
    vendor/rails/actionpack/lib/action_controller/base.rb:1108:in `render_for_file'
    vendor/rails/actionpack/lib/action_controller/base.rb:865:in `render_with_no_layout'
    vendor/rails/actionpack/lib/action_controller/base.rb:880:in `render_with_no_layout'
    vendor/rails/actionpack/lib/action_controller/layout.rb:251:in `render_without_benchmark'
    vendor/rails/actionpack/lib/action_controller/benchmarking.rb:51:in `render'
    vendor/rails/activesupport/lib/active_support/core_ext/benchmark.rb:8:in `realtime'
    vendor/rails/actionpack/lib/action_controller/benchmarking.rb:51:in `render'
    vendor/rails/actionpack/lib/action_controller/mime_responds.rb:131:in `send'
    vendor/rails/actionpack/lib/action_controller/mime_responds.rb:131:in `custom'
    vendor/rails/actionpack/lib/action_controller/mime_responds.rb:160:in `call'
    vendor/rails/actionpack/lib/action_controller/mime_responds.rb:160:in `respond'
    vendor/rails/actionpack/lib/action_controller/mime_responds.rb:154:in `each'
    vendor/rails/actionpack/lib/action_controller/mime_responds.rb:154:in `respond'
    vendor/rails/actionpack/lib/action_controller/mime_responds.rb:107:in `respond_to'
    app/controllers/clientes_controller.rb:7:in `index'
    vendor/rails/actionpack/lib/action_controller/base.rb:1162:in `send'
    vendor/rails/actionpack/lib/action_controller/base.rb:1162:in `perform_action_without_filters'
    vendor/rails/actionpack/lib/action_controller/filters.rb:580:in `call_filters'
    vendor/rails/actionpack/lib/action_controller/filters.rb:573:in `perform_action_without_benchmark'
    vendor/rails/actionpack/lib/action_controller/benchmarking.rb:68:in `perform_action_without_rescue'
    /usr/lib/ruby/1.8/benchmark.rb:293:in `measure'
    vendor/rails/actionpack/lib/action_controller/benchmarking.rb:68:in `perform_action_without_rescue'
    vendor/rails/actionpack/lib/action_controller/rescue.rb:201:in `perform_action_without_caching'
    vendor/rails/actionpack/lib/action_controller/caching/sql_cache.rb:13:in `perform_action'
    vendor/rails/activerecord/lib/active_record/connection_adapters/abstract/query_cache.rb:33:in `cache'
    vendor/rails/activerecord/lib/active_record/query_cache.rb:8:in `cache'
    vendor/rails/actionpack/lib/action_controller/caching/sql_cache.rb:12:in `perform_action'
    vendor/rails/actionpack/lib/action_controller/base.rb:529:in `send'
    vendor/rails/actionpack/lib/action_controller/base.rb:529:in `process_without_filters'
    vendor/rails/actionpack/lib/action_controller/filters.rb:569:in `process_without_session_management_support'
    vendor/rails/actionpack/lib/action_controller/session_management.rb:130:in `process'
    vendor/rails/actionpack/lib/action_controller/base.rb:389:in `process'
    vendor/rails/actionpack/lib/action_controller/dispatcher.rb:149:in `handle_request'
    vendor/rails/actionpack/lib/action_controller/dispatcher.rb:107:in `dispatch'
    vendor/rails/actionpack/lib/action_controller/dispatcher.rb:104:in `synchronize'
    vendor/rails/actionpack/lib/action_controller/dispatcher.rb:104:in `dispatch'
    vendor/rails/actionpack/lib/action_controller/dispatcher.rb:120:in `dispatch_cgi'
    vendor/rails/actionpack/lib/action_controller/dispatcher.rb:35:in `dispatch'
    vendor/rails/railties/lib/webrick_server.rb:112:in `handle_dispatch'
    vendor/rails/railties/lib/webrick_server.rb:78:in `service'
    /usr/lib/ruby/1.8/webrick/httpserver.rb:104:in `service'
    /usr/lib/ruby/1.8/webrick/httpserver.rb:65:in `run'
    /usr/lib/ruby/1.8/webrick/server.rb:173:in `start_thread'
    /usr/lib/ruby/1.8/webrick/server.rb:162:in `start'
    /usr/lib/ruby/1.8/webrick/server.rb:162:in `start_thread'
    /usr/lib/ruby/1.8/webrick/server.rb:95:in `start'
    /usr/lib/ruby/1.8/webrick/server.rb:92:in `each'
    /usr/lib/ruby/1.8/webrick/server.rb:92:in `start'
    /usr/lib/ruby/1.8/webrick/server.rb:23:in `start'
    /usr/lib/ruby/1.8/webrick/server.rb:82:in `start'
    vendor/rails/railties/lib/webrick_server.rb:62:in `dispatch'
    vendor/rails/railties/lib/commands/servers/webrick.rb:66
    /usr/lib/ruby/1.8/rubygems/custom_require.rb:31:in `gem_original_require'
    /usr/lib/ruby/1.8/rubygems/custom_require.rb:31:in `require'
    vendor/rails/activesupport/lib/active_support/dependencies.rb:509:in `require'
    vendor/rails/activesupport/lib/active_support/dependencies.rb:354:in `new_constants_in'
    vendor/rails/activesupport/lib/active_support/dependencies.rb:509:in `require'
    vendor/rails/railties/lib/commands/server.rb:39
    /usr/lib/ruby/1.8/rubygems/custom_require.rb:31:in `gem_original_require'
    /usr/lib/ruby/1.8/rubygems/custom_require.rb:31:in `require'
    script/server:3

Rendering /home/samuel/Workspace/forkinrio/rails/restaurante/vendor/rails/actionpack/lib/action_controller/templates/rescues/layout.erb (internal_server_error)


Processing ClientesController#index (for 127.0.0.1 at 2010-06-16 21:21:29) [GET]
  Session ID: BAh7BiIKZmxhc2hJQzonQWN0aW9uQ29udHJvbGxlcjo6Rmxhc2g6OkZsYXNo
SGFzaHsABjoKQHVzZWR7AA==--a3addd190a16fb18d9689029eeba4c03fca11bd6
  Parameters: {"action"=>"index", "controller"=>"clientes"}
  [4;35;1mCliente Load (0.000490)[0m   [0mSELECT * FROM "clientes" [0m
Rendering template within layouts/application
Rendering clientes/index
Completed in 0.01039 (96 reqs/sec) | Rendering: 0.00365 (35%) | DB: 0.00049 (4%) | 200 OK [http://localhost/clientes]


Processing ClientesController#index (for 127.0.0.1 at 2010-06-16 21:21:33) [GET]
  Session ID: BAh7BiIKZmxhc2hJQzonQWN0aW9uQ29udHJvbGxlcjo6Rmxhc2g6OkZsYXNo
SGFzaHsABjoKQHVzZWR7AA==--a3addd190a16fb18d9689029eeba4c03fca11bd6
  Parameters: {"action"=>"index", "controller"=>"clientes"}
  [4;36;1mCliente Load (0.000384)[0m   [0;1mSELECT * FROM "clientes" [0m
Rendering template within layouts/application
Rendering clientes/index
Completed in 0.00612 (163 reqs/sec) | Rendering: 0.00104 (17%) | DB: 0.00038 (6%) | 200 OK [http://localhost/clientes]


Processing QualificacoesController#index (for 127.0.0.1 at 2010-06-16 21:21:34) [GET]
  Session ID: BAh7BiIKZmxhc2hJQzonQWN0aW9uQ29udHJvbGxlcjo6Rmxhc2g6OkZsYXNo
SGFzaHsABjoKQHVzZWR7AA==--a3addd190a16fb18d9689029eeba4c03fca11bd6
  Parameters: {"action"=>"index", "controller"=>"qualificacoes"}
  [4;35;1mQualificacao Load (0.000424)[0m   [0mSELECT * FROM "qualificacoes" [0m
Rendering template within layouts/application
Rendering qualificacoes/index
Completed in 0.00732 (136 reqs/sec) | Rendering: 0.00185 (25%) | DB: 0.00042 (5%) | 200 OK [http://localhost/qualificacoes]


Processing RestaurantesController#index (for 127.0.0.1 at 2010-06-16 21:21:35) [GET]
  Session ID: BAh7BiIKZmxhc2hJQzonQWN0aW9uQ29udHJvbGxlcjo6Rmxhc2g6OkZsYXNo
SGFzaHsABjoKQHVzZWR7AA==--a3addd190a16fb18d9689029eeba4c03fca11bd6
  Parameters: {"action"=>"index", "controller"=>"restaurantes"}
  [4;36;1mRestaurante Load (0.000844)[0m   [0;1mSELECT * FROM "restaurantes" ORDER BY nome[0m
Rendering template within layouts/application
Rendering restaurantes/index
Rendered restaurantes/_titulo (0.00001)
Completed in 0.01882 (53 reqs/sec) | Rendering: 0.00854 (45%) | DB: 0.00084 (4%) | 200 OK [http://localhost/restaurantes]


Processing ClientesController#index (for 127.0.0.1 at 2010-06-16 21:21:41) [GET]
  Session ID: BAh7BiIKZmxhc2hJQzonQWN0aW9uQ29udHJvbGxlcjo6Rmxhc2g6OkZsYXNo
SGFzaHsABjoKQHVzZWR7AA==--a3addd190a16fb18d9689029eeba4c03fca11bd6
  Parameters: {"action"=>"index", "controller"=>"clientes"}
  [4;35;1mCliente Load (0.000490)[0m   [0mSELECT * FROM "clientes" [0m
Rendering template within layouts/application
Rendering clientes/index
Completed in 0.00786 (127 reqs/sec) | Rendering: 0.00134 (17%) | DB: 0.00049 (6%) | 200 OK [http://localhost/clientes]


Processing ClientesController#new (for 127.0.0.1 at 2010-06-16 21:21:42) [GET]
  Session ID: BAh7BiIKZmxhc2hJQzonQWN0aW9uQ29udHJvbGxlcjo6Rmxhc2g6OkZsYXNo
SGFzaHsABjoKQHVzZWR7AA==--a3addd190a16fb18d9689029eeba4c03fca11bd6
  Parameters: {"action"=>"new", "controller"=>"clientes"}
Rendering template within layouts/application
Rendering clientes/new
Completed in 0.01171 (85 reqs/sec) | Rendering: 0.00457 (39%) | DB: 0.00000 (0%) | 200 OK [http://localhost/clientes/new]


Processing ClientesController#create (for 127.0.0.1 at 2010-06-16 21:21:47) [POST]
  Session ID: BAh7BzoMY3NyZl9pZCIlNGZlMjMwZGFiZjhjZGM2YjY5OTFmYTllODc5Y2Rm
NGQiCmZsYXNoSUM6J0FjdGlvbkNvbnRyb2xsZXI6OkZsYXNoOjpGbGFzaEhh
c2h7AAY6CkB1c2VkewA=--23956befb5b97622813cbce72e1fcdfea0d663be
  Parameters: {"commit"=>"Create", "authenticity_token"=>"a69b0437972529d41e69d8b131ad535ff4c711ee", "action"=>"create", "cliente"=>{"nome"=>"Mario", "idade"=>"26"}, "controller"=>"clientes"}
  [4;36;1mSQL (0.000132)[0m   [0;1mSELECT "nome" FROM "clientes" WHERE ("clientes".nome = 'Mario') [0m
  [4;35;1mCliente Create (0.000356)[0m   [0mINSERT INTO "clientes" ("created_at", "nome", "updated_at", "idade") VALUES('2010-06-17 00:21:47', 'Mario', '2010-06-17 00:21:47', 26)[0m
Redirected to http://localhost:3000/clientes/1
Completed in 0.01615 (61 reqs/sec) | DB: 0.00049 (3%) | 302 Found [http://localhost/clientes]


Processing ClientesController#show (for 127.0.0.1 at 2010-06-16 21:21:47) [GET]
  Session ID: BAh7BzoMY3NyZl9pZCIlNGZlMjMwZGFiZjhjZGM2YjY5OTFmYTllODc5Y2Rm
NGQiCmZsYXNoSUM6J0FjdGlvbkNvbnRyb2xsZXI6OkZsYXNoOjpGbGFzaEhh
c2h7BjoLbm90aWNlIiZDbGllbnRlIHdhcyBzdWNjZXNzZnVsbHkgY3JlYXRl
ZC4GOgpAdXNlZHsGOwdG--64277aa4450473af5848395ef67203fed428185b
  Parameters: {"action"=>"show", "id"=>"1", "controller"=>"clientes"}
  [4;36;1mCliente Load (0.000304)[0m   [0;1mSELECT * FROM "clientes" WHERE ("clientes"."id" = 1) [0m
Rendering template within layouts/application
Rendering clientes/show
Completed in 0.01310 (76 reqs/sec) | Rendering: 0.00485 (37%) | DB: 0.00030 (2%) | 200 OK [http://localhost/clientes/1]


Processing ClientesController#index (for 127.0.0.1 at 2010-06-16 21:21:53) [GET]
  Session ID: BAh7BzoMY3NyZl9pZCIlNGZlMjMwZGFiZjhjZGM2YjY5OTFmYTllODc5Y2Rm
NGQiCmZsYXNoSUM6J0FjdGlvbkNvbnRyb2xsZXI6OkZsYXNoOjpGbGFzaEhh
c2h7BjoLbm90aWNlIiZDbGllbnRlIHdhcyBzdWNjZXNzZnVsbHkgY3JlYXRl
ZC4GOgpAdXNlZHsGOwdU--3e658994995c64f6be2f18f78ace543b2da1d751
  Parameters: {"action"=>"index", "controller"=>"clientes"}
  [4;35;1mCliente Load (0.000641)[0m   [0mSELECT * FROM "clientes" [0m
Rendering template within layouts/application
Rendering clientes/index
Completed in 0.01089 (91 reqs/sec) | Rendering: 0.00391 (35%) | DB: 0.00064 (5%) | 200 OK [http://localhost/clientes]


Processing ClientesController#new (for 127.0.0.1 at 2010-06-16 21:21:54) [GET]
  Session ID: BAh7BzoMY3NyZl9pZCIlNGZlMjMwZGFiZjhjZGM2YjY5OTFmYTllODc5Y2Rm
NGQiCmZsYXNoSUM6J0FjdGlvbkNvbnRyb2xsZXI6OkZsYXNoOjpGbGFzaEhh
c2h7AAY6CkB1c2VkewA=--23956befb5b97622813cbce72e1fcdfea0d663be
  Parameters: {"action"=>"new", "controller"=>"clientes"}
Rendering template within layouts/application
Rendering clientes/new
Completed in 0.01087 (91 reqs/sec) | Rendering: 0.00366 (33%) | DB: 0.00000 (0%) | 200 OK [http://localhost/clientes/new]


Processing ClientesController#create (for 127.0.0.1 at 2010-06-16 21:21:56) [POST]
  Session ID: BAh7BzoMY3NyZl9pZCIlNGZlMjMwZGFiZjhjZGM2YjY5OTFmYTllODc5Y2Rm
NGQiCmZsYXNoSUM6J0FjdGlvbkNvbnRyb2xsZXI6OkZsYXNoOjpGbGFzaEhh
c2h7AAY6CkB1c2VkewA=--23956befb5b97622813cbce72e1fcdfea0d663be
  Parameters: {"commit"=>"Create", "authenticity_token"=>"a69b0437972529d41e69d8b131ad535ff4c711ee", "action"=>"create", "cliente"=>{"nome"=>"", "idade"=>""}, "controller"=>"clientes"}
  [4;36;1mSQL (0.000118)[0m   [0;1mSELECT "nome" FROM "clientes" WHERE ("clientes".nome = '') [0m
Rendering template within layouts/application
Rendering clientes/new
Completed in 0.01290 (77 reqs/sec) | Rendering: 0.00360 (27%) | DB: 0.00012 (0%) | 200 OK [http://localhost/clientes]


Processing ClientesController#index (for 127.0.0.1 at 2010-06-16 21:21:59) [GET]
  Session ID: BAh7BzoMY3NyZl9pZCIlNGZlMjMwZGFiZjhjZGM2YjY5OTFmYTllODc5Y2Rm
NGQiCmZsYXNoSUM6J0FjdGlvbkNvbnRyb2xsZXI6OkZsYXNoOjpGbGFzaEhh
c2h7AAY6CkB1c2VkewA=--23956befb5b97622813cbce72e1fcdfea0d663be
  Parameters: {"action"=>"index", "controller"=>"clientes"}
  [4;35;1mCliente Load (0.000624)[0m   [0mSELECT * FROM "clientes" [0m
Rendering template within layouts/application
Rendering clientes/index
Completed in 0.01034 (96 reqs/sec) | Rendering: 0.00384 (37%) | DB: 0.00062 (6%) | 200 OK [http://localhost/clientes]


Processing QualificacoesController#index (for 127.0.0.1 at 2010-06-16 21:22:03) [GET]
  Session ID: BAh7BzoMY3NyZl9pZCIlNGZlMjMwZGFiZjhjZGM2YjY5OTFmYTllODc5Y2Rm
NGQiCmZsYXNoSUM6J0FjdGlvbkNvbnRyb2xsZXI6OkZsYXNoOjpGbGFzaEhh
c2h7AAY6CkB1c2VkewA=--23956befb5b97622813cbce72e1fcdfea0d663be
  Parameters: {"action"=>"index", "controller"=>"qualificacoes"}
  [4;36;1mQualificacao Load (0.000481)[0m   [0;1mSELECT * FROM "qualificacoes" [0m
Rendering template within layouts/application
Rendering qualificacoes/index
Completed in 0.00770 (129 reqs/sec) | Rendering: 0.00132 (17%) | DB: 0.00048 (6%) | 200 OK [http://localhost/qualificacoes]


Processing QualificacoesController#new (for 127.0.0.1 at 2010-06-16 21:22:05) [GET]
  Session ID: BAh7BzoMY3NyZl9pZCIlNGZlMjMwZGFiZjhjZGM2YjY5OTFmYTllODc5Y2Rm
NGQiCmZsYXNoSUM6J0FjdGlvbkNvbnRyb2xsZXI6OkZsYXNoOjpGbGFzaEhh
c2h7AAY6CkB1c2VkewA=--23956befb5b97622813cbce72e1fcdfea0d663be
  Parameters: {"action"=>"new", "controller"=>"qualificacoes"}
Rendering template within layouts/application
Rendering qualificacoes/new
  [4;35;1mCliente Load (0.000293)[0m   [0mSELECT * FROM "clientes" ORDER BY nome[0m
  [4;36;1mRestaurante Load (0.000276)[0m   [0;1mSELECT * FROM "restaurantes" ORDER BY nome[0m
Completed in 0.02235 (44 reqs/sec) | Rendering: 0.01565 (70%) | DB: 0.00057 (2%) | 200 OK [http://localhost/qualificacoes/new]


Processing QualificacoesController#create (for 127.0.0.1 at 2010-06-16 21:22:13) [POST]
  Session ID: BAh7BzoMY3NyZl9pZCIlNGZlMjMwZGFiZjhjZGM2YjY5OTFmYTllODc5Y2Rm
NGQiCmZsYXNoSUM6J0FjdGlvbkNvbnRyb2xsZXI6OkZsYXNoOjpGbGFzaEhh
c2h7AAY6CkB1c2VkewA=--23956befb5b97622813cbce72e1fcdfea0d663be
  Parameters: {"commit"=>"Create", "qualificacao"=>{"nota"=>"1", "valor_gasto"=>"1", "cliente_id"=>"1", "restaurante_id"=>"2"}, "authenticity_token"=>"a69b0437972529d41e69d8b131ad535ff4c711ee", "action"=>"create", "controller"=>"qualificacoes"}
  [4;35;1mCliente Load (0.000281)[0m   [0mSELECT * FROM "clientes" WHERE ("clientes"."id" = 1) [0m
  [4;36;1mSQL (0.000102)[0m   [0;1mSELECT "nome" FROM "clientes" WHERE ("clientes".nome = 'Mario' AND "clientes".id <> 1) [0m
  [4;35;1mRestaurante Load (0.000256)[0m   [0mSELECT * FROM "restaurantes" WHERE ("restaurantes"."id" = 2) [0m
  [4;36;1mSQL (0.000096)[0m   [0;1mSELECT "nome" FROM "restaurantes" WHERE ("restaurantes".nome = 'Mr Pizza' AND "restaurantes".id <> 2) [0m
  [4;35;1mSQL (0.000087)[0m   [0mSELECT "endereco" FROM "restaurantes" WHERE ("restaurantes".endereco = 'Macae' AND "restaurantes".id <> 2) [0m
  [4;36;1mQualificacao Create (0.000215)[0m   [0;1mINSERT INTO "qualificacoes" ("created_at", "nota", "valor_gasto", "updated_at", "cliente_id", "restaurante_id") VALUES('2010-06-17 00:22:13', 1.0, 1.0, '2010-06-17 00:22:13', 1, 2)[0m
Redirected to http://localhost:3000/qualificacoes/1
Completed in 0.03005 (33 reqs/sec) | DB: 0.00104 (3%) | 302 Found [http://localhost/qualificacoes]


Processing QualificacoesController#show (for 127.0.0.1 at 2010-06-16 21:22:13) [GET]
  Session ID: BAh7BzoMY3NyZl9pZCIlNGZlMjMwZGFiZjhjZGM2YjY5OTFmYTllODc5Y2Rm
NGQiCmZsYXNoSUM6J0FjdGlvbkNvbnRyb2xsZXI6OkZsYXNoOjpGbGFzaEhh
c2h7BjoLbm90aWNlIitRdWFsaWZpY2FjYW8gd2FzIHN1Y2Nlc3NmdWxseSBj
cmVhdGVkLgY6CkB1c2VkewY7B0Y=--0df4f58834373ee0e0a01dd09b712f7408953b31
  Parameters: {"action"=>"show", "id"=>"1", "controller"=>"qualificacoes"}
  [4;35;1mQualificacao Load (0.000219)[0m   [0mSELECT * FROM "qualificacoes" WHERE ("qualificacoes"."id" = 1) [0m
Rendering template within layouts/application
Rendering qualificacoes/show
Completed in 0.00871 (114 reqs/sec) | Rendering: 0.00255 (29%) | DB: 0.00022 (2%) | 200 OK [http://localhost/qualificacoes/1]


Processing QualificacoesController#index (for 127.0.0.1 at 2010-06-16 21:22:15) [GET]
  Session ID: BAh7BzoMY3NyZl9pZCIlNGZlMjMwZGFiZjhjZGM2YjY5OTFmYTllODc5Y2Rm
NGQiCmZsYXNoSUM6J0FjdGlvbkNvbnRyb2xsZXI6OkZsYXNoOjpGbGFzaEhh
c2h7BjoLbm90aWNlIitRdWFsaWZpY2FjYW8gd2FzIHN1Y2Nlc3NmdWxseSBj
cmVhdGVkLgY6CkB1c2VkewY7B1Q=--6c329fb933f32f1cc527b347e827aa5b75fc6704
  Parameters: {"action"=>"index", "controller"=>"qualificacoes"}
  [4;36;1mQualificacao Load (0.000676)[0m   [0;1mSELECT * FROM "qualificacoes" [0m
Rendering template within layouts/application
Rendering qualificacoes/index
Completed in 0.01095 (91 reqs/sec) | Rendering: 0.00424 (38%) | DB: 0.00068 (6%) | 200 OK [http://localhost/qualificacoes]
